18-10-01 18:19-INFO-a5b3c5ef-正在刷新微霸授权,请稍后
18-10-01 18:19-INFO-a5b3c5ef-文件未指定!
18-10-01 18:20-INFO-a5b3c5ef-正在刷新微霸授权,请稍后
18-10-01 18:20-INFO-a5b3c5ef-文件未指定!
18-10-01 18:21-INFO-a5b3c5ef-正在刷新微霸授权,请稍后
18-10-01 18:21-INFO-a5b3c5ef-环境切换失败
18-10-01 18:21-INFO-a5b3c5ef-正在刷新微霸授权,请稍后
18-10-01 18:21-INFO-a5b3c5ef-环境切换失败
18-10-01 18:21-INFO-a5b3c5ef-正在刷新微霸授权,请稍后
18-10-01 18:21-INFO-a5b3c5ef-环境切换失败
18-10-01 18:21-INFO-a5b3c5ef-正在刷新微霸授权,请稍后
18-10-01 18:22-INFO-a5b3c5ef-正在刷新微霸授权,请稍后
18-10-01 18:22-INFO-a5b3c5ef-环境切换失败
18-10-01 18:22-INFO-a5b3c5ef-正在刷新微霸授权,请稍后
18-10-01 18:27-INFO--第一次运行
18-10-01 18:27-INFO--可运行线程数:100
18-10-01 18:27-INFO--进入发文字朋友圈模式
18-10-01 18:27-INFO-764f2861设备找到18个数据
18-10-01 18:27-INFO-764f2861-获取到手机号码:14726091731
18-10-01 18:27-INFO-764f2861-获取到登录密码:tu68j985
18-10-01 18:27-INFO-764f2861-获取到好友ID:
18-10-01 18:27-INFO-764f2861-获取WXID:wxid_tpfcn9kbbqzj22
18-10-01 18:27-INFO-764f2861-获取到云码:wbp:1fd7b3b50ba8e57118cde7026dd026a1
18-10-01 18:27-INFO-764f2861-获取到注册IP:222.93.241.202
18-10-01 18:27-INFO-764f2861-获取到注册日期:2018-09-29
18-10-01 18:27-INFO-764f2861-正在刷新微霸授权,请稍后
18-10-01 18:30-INFO--已经绑定该设备
18-10-01 18:30-INFO--可运行线程数:100
18-10-01 18:30-INFO--进入发文字朋友圈模式
18-10-01 18:30-INFO-764f2861设备找到14个数据
18-10-01 18:30-INFO-764f2861-获取到手机号码:17751405061
18-10-01 18:30-INFO-764f2861-获取到登录密码:34v17p9f
18-10-01 18:30-INFO-764f2861-获取到好友ID:
18-10-01 18:30-INFO-764f2861-获取WXID:wxid_ufnck98zwgp322
18-10-01 18:30-INFO-764f2861-获取到云码:wbp:65ca7b130f36d1e59eff201b2fd42335
18-10-01 18:30-INFO-764f2861-获取到注册IP:180.121.134.140
18-10-01 18:30-INFO-764f2861-获取到注册日期:2018-09-11
18-10-01 18:30-INFO-764f2861-正在刷新微霸授权,请稍后
18-10-01 18:30-INFO-764f2861-环境切换失败
18-10-01 18:30-INFO-764f2861-正在刷新微霸授权,请稍后
18-10-01 18:30-INFO-764f2861-环境切换失败
18-10-01 18:30-INFO-764f2861-正在刷新微霸授权,请稍后
18-10-01 18:32-INFO-764f2861-正在刷新微霸授权,请稍后
18-10-01 18:32-INFO-764f2861-环境切换失败
18-10-01 18:32-INFO-764f2861-正在刷新微霸授权,请稍后
18-10-01 18:32-INFO-764f2861-环境切换失败
18-10-01 18:32-INFO-764f2861-正在刷新微霸授权,请稍后
18-10-01 18:32-INFO-764f2861-环境切换失败
18-10-01 18:33-INFO-764f2861-正在刷新微霸授权,请稍后
18-10-01 18:33-INFO-764f2861-该手机没有这个数据:13408664158
18-10-01 18:33-INFO--已经绑定该设备
18-10-01 18:33-INFO--可运行线程数:100
18-10-01 18:33-INFO--进入发文字朋友圈模式
18-10-01 18:33-INFO-764f2861设备找到14个数据
18-10-01 18:34-INFO-764f2861-获取到手机号码:17751405061
18-10-01 18:34-INFO-764f2861-获取到登录密码:34v17p9f
18-10-01 18:34-INFO-764f2861-获取到好友ID:
18-10-01 18:34-INFO-764f2861-获取WXID:wxid_ufnck98zwgp322
18-10-01 18:34-INFO-764f2861-获取到云码:wbp:65ca7b130f36d1e59eff201b2fd42335
18-10-01 18:34-INFO-764f2861-获取到注册IP:180.121.134.140
18-10-01 18:34-INFO-764f2861-获取到注册日期:2018-09-11
18-10-01 18:34-INFO-764f2861-正在刷新微霸授权,请稍后
18-10-01 18:34-INFO-764f2861-该手机没有这个数据:wxid_ufnck98zwgp322
18-10-01 18:34-INFO-764f2861-获取到手机号码:18962148720
18-10-01 18:34-INFO-764f2861-获取到登录密码:imtx9v1h
18-10-01 18:34-INFO-764f2861-获取到好友ID:
18-10-01 18:34-INFO-764f2861-获取WXID:wxid_eo2zgloo2wsr22
18-10-01 18:34-INFO-764f2861-获取到云码:wbp:3d282d1ddd33f03714887bd206117ea7
18-10-01 18:34-INFO-764f2861-获取到注册IP:180.121.132.228
18-10-01 18:34-INFO-764f2861-获取到注册日期:2018-09-11
18-10-01 18:34-INFO-764f2861-正在刷新微霸授权,请稍后
18-10-01 18:34-INFO-764f2861-该手机没有这个数据:wxid_eo2zgloo2wsr22
18-10-01 18:34-INFO-764f2861-获取到手机号码:17306102373
18-10-01 18:34-INFO-764f2861-获取到登录密码:fj9eo9gp
18-10-01 18:34-INFO-764f2861-获取到好友ID:
18-10-01 18:34-INFO-764f2861-获取WXID:wxid_qew5ht2uq74k22
18-10-01 18:34-INFO-764f2861-获取到云码:wbp:429e25d489c1f51ac4d4c13ef5636b59
18-10-01 18:34-INFO-764f2861-获取到注册IP:180.121.131.87
18-10-01 18:34-INFO-764f2861-获取到注册日期:2018-09-11
18-10-01 18:34-INFO-764f2861-正在刷新微霸授权,请稍后
18-10-01 18:34-INFO-764f2861-该手机没有这个数据:wxid_qew5ht2uq74k22
18-10-01 18:34-INFO-764f2861-获取到手机号码:17766318113
18-10-01 18:34-INFO-764f2861-获取到登录密码:zog4e9wu
18-10-01 18:34-INFO-764f2861-获取到好友ID:
18-10-01 18:34-INFO-764f2861-获取WXID:wxid_klx84k7m675n22
18-10-01 18:34-INFO-764f2861-未获取到云码
18-10-01 18:34-INFO-764f2861-获取到注册IP:180.121.131.225
18-10-01 18:34-INFO-764f2861-获取到注册日期:2018-09-11
18-10-01 18:34-INFO-764f2861-正在刷新微霸授权,请稍后
18-10-01 18:34-INFO-764f2861-该手机没有这个数据:wxid_klx84k7m675n22
18-10-01 18:34-INFO-764f2861-获取到手机号码:18168175691
18-10-01 18:34-INFO-764f2861-获取到登录密码:cqm4j9z5
18-10-01 18:34-INFO-764f2861-获取到好友ID:
18-10-01 18:34-INFO-764f2861-获取WXID:wxid_s3uy4qr6v5v922
18-10-01 18:34-INFO-764f2861-获取到云码:wbp:6fba72730f43154a52a5abcdade35fd6
18-10-01 18:34-INFO-764f2861-获取到注册IP:180.121.131.209
18-10-01 18:34-INFO-764f2861-获取到注册日期:2018-09-11
18-10-02 04:36-INFO--已经绑定该设备
18-10-02 04:36-INFO--可运行线程数:100
18-10-02 04:36-INFO--进入登录账号10秒后退出模式
18-10-02 04:36-INFO-a5b3c5ef设备找到44个数据
18-10-02 04:36-INFO-Connected (version 2.0, client OpenSSH_5.3)
18-10-02 04:36-INFO-Authentication (password) successful!
18-10-02 04:36-INFO-a5b3c5ef-断开连接
18-10-02 04:36-INFO-a5b3c5ef-开始拨号
18-10-02 04:37-INFO-a5b3c5ef-连接成功
18-10-02 04:37-INFO-a5b3c5ef-服务器IP地址:117.95.192.16
18-10-02 04:37-INFO-a5b3c5ef-手机IP地址:curl: (52) Empty reply from server
18-10-02 04:37-INFO-a5b3c5ef-手机IP跟服务器IP不一致
18-10-02 04:37-INFO-a5b3c5ef-手机暂时无网络,重新检测
18-10-02 04:37-INFO-Redirecting http://127.0.0.1:4732/wd/hub/session -> http://127.0.0.1:4732/wd/hub/session/ff8214d9-74c9-4539-b4b6-48b39f0d360e
18-10-02 04:37-INFO-Redirecting http://127.0.0.1:4732/wd/hub/session -> http://127.0.0.1:4732/wd/hub/session/ed2fee49-e284-4b76-acd4-1c26775d1f23
18-10-02 04:37-INFO-a5b3c5ef-Proxy成功连接
18-10-02 04:37-INFO-a5b3c5ef-手机IP地址:117.95.192.16
18-10-02 04:37-INFO-a5b3c5ef-获取到手机号码:17326195452
18-10-02 04:37-INFO-a5b3c5ef-获取到登录密码:voj9impb
18-10-02 04:37-INFO-a5b3c5ef-获取到好友ID:
18-10-02 04:37-INFO-a5b3c5ef-获取WXID:wxid_9ccxcbnfn72p22
18-10-02 04:37-INFO-a5b3c5ef-获取到云码:wbp:fe0d208228e28072842ae22cd76dcccd
18-10-02 04:37-INFO-a5b3c5ef-获取到注册IP:49.70.64.174
18-10-02 04:37-INFO-a5b3c5ef-获取到注册日期:2018-09-17
18-10-02 04:37-INFO-a5b3c5ef-正在刷新微霸授权,请稍后
18-10-02 04:37-INFO-a5b3c5ef-环境切换失败
18-10-02 04:37-INFO-a5b3c5ef-正在刷新微霸授权,请稍后
18-10-02 04:37-INFO-a5b3c5ef-环境切换失败
18-10-02 04:38-INFO-a5b3c5ef-正在刷新微霸授权,请稍后
18-10-02 04:38-INFO-a5b3c5ef-环境切换失败
18-10-02 04:38-INFO-a5b3c5ef-正在刷新微霸授权,请稍后
18-10-02 04:38-INFO-a5b3c5ef-环境切换失败
18-10-02 04:38-INFO-a5b3c5ef-正在刷新微霸授权,请稍后
18-10-02 04:38-INFO-a5b3c5ef-环境切换失败
18-10-02 04:38-INFO-a5b3c5ef-正在刷新微霸授权,请稍后
18-10-02 04:38-INFO-a5b3c5ef-环境切换失败
18-10-02 04:38-INFO-a5b3c5ef-正在刷新微霸授权,请稍后
18-10-02 04:38-INFO-a5b3c5ef-环境切换失败
18-10-02 04:38-INFO-a5b3c5ef-正在刷新微霸授权,请稍后
18-10-02 04:38-INFO-a5b3c5ef-该手机没有这个数据:13408664158
18-10-02 04:39-INFO-a5b3c5ef-正在刷新微霸授权,请稍后
18-10-02 04:39-INFO-a5b3c5ef-环境切换失败
18-10-02 04:39-INFO-a5b3c5ef-正在刷新微霸授权,请稍后
18-10-02 04:39-INFO-a5b3c5ef-正在刷新微霸授权,请稍后
18-10-02 04:39-INFO-a5b3c5ef-环境切换失败
18-10-02 04:39-INFO-a5b3c5ef-正在刷新微霸授权,请稍后
18-10-02 04:41-INFO-a5b3c5ef-正在刷新微霸授权,请稍后
18-10-02 04:41-INFO-a5b3c5ef-环境切换失败
18-10-02 04:41-INFO-a5b3c5ef-正在刷新微霸授权,请稍后
18-10-02 04:41-INFO-a5b3c5ef-正在刷新微霸授权,请稍后
18-10-02 04:41-INFO-a5b3c5ef-环境切换失败
18-10-02 04:42-INFO-a5b3c5ef-正在刷新微霸授权,请稍后
18-10-02 04:42-INFO-a5b3c5ef-正在刷新微霸授权,请稍后
18-10-02 04:42-INFO-a5b3c5ef-环境切换成功
18-10-02 04:43-INFO-a5b3c5ef-正在刷新微霸授权,请稍后
18-10-02 04:43-INFO-a5b3c5ef-文件未指定!
18-10-02 04:43-INFO-a5b3c5ef-该手机没有这个数据:wxid_m4nvk32qnlh1522
18-10-02 04:43-INFO--已经绑定该设备
18-10-02 04:43-INFO--可运行线程数:100
18-10-02 04:43-INFO--进入登录账号提62
18-10-02 04:43-INFO-a5b3c5ef设备找到44个数据
18-10-02 04:43-INFO-Connected (version 2.0, client OpenSSH_5.3)
18-10-02 04:43-INFO-Authentication (password) successful!
18-10-02 04:43-INFO-a5b3c5ef-断开连接
18-10-02 04:43-INFO-a5b3c5ef-开始拨号
18-10-02 04:43-INFO-a5b3c5ef-连接成功
18-10-02 04:43-INFO-a5b3c5ef-服务器IP地址:121.226.188.137
18-10-02 04:43-INFO-a5b3c5ef-手机IP地址:121.226.188.137
18-10-02 04:43-INFO-a5b3c5ef-获取到手机号码:17326195452
18-10-02 04:43-INFO-a5b3c5ef-获取到登录密码:voj9impb
18-10-02 04:43-INFO-a5b3c5ef-获取到好友ID:
18-10-02 04:43-INFO-a5b3c5ef-获取WXID:wxid_9ccxcbnfn72p22
18-10-02 04:43-INFO-a5b3c5ef-获取到云码:wbp:fe0d208228e28072842ae22cd76dcccd
18-10-02 04:43-INFO-a5b3c5ef-获取到注册IP:49.70.64.174
18-10-02 04:43-INFO-a5b3c5ef-获取到注册日期:2018-09-17
18-10-02 04:43-INFO-a5b3c5ef-正在刷新微霸授权,请稍后
18-10-02 04:44-INFO-a5b3c5ef-环境切换成功
18-10-02 04:44-INFO-Redirecting http://127.0.0.1:4732/wd/hub/session -> http://127.0.0.1:4732/wd/hub/session/e5238135-8674-4f9a-bddb-17d17b75297b
18-10-02 04:44-INFO-a5b3c5ef-输入密码
18-10-02 04:44-INFO-a5b3c5ef-点击登录
18-10-02 04:44-INFO-a5b3c5ef-开始提62
18-10-02 04:44-INFO--暂时无可提62,等待5秒继续取
18-10-02 04:45-INFO--暂时无可提62,等待5秒继续取
18-10-02 04:45-INFO--暂时无可提62,等待5秒继续取
18-10-02 04:45-INFO--暂时无可提62,等待5秒继续取
18-10-02 04:45-INFO--暂时无可提62,等待5秒继续取
18-10-02 04:45-INFO--暂时无可提62,等待5秒继续取
18-10-02 04:45-INFO--暂时无可提62,等待5秒继续取
18-10-02 04:45-INFO--暂时无可提62,等待5秒继续取
18-10-02 04:45-INFO--暂时无可提62,等待5秒继续取
18-10-02 04:45-INFO--暂时无可提62,等待5秒继续取
18-10-02 04:45-INFO--暂时无可提62,等待5秒继续取
18-10-02 04:45-INFO--暂时无可提62,等待5秒继续取
18-10-02 04:46-INFO--暂时无可提62,等待5秒继续取
18-10-02 04:46-INFO--暂时无可提62,等待5秒继续取
18-10-02 04:46-INFO--暂时无可提62,等待5秒继续取
18-10-02 04:46-INFO--暂时无可提62,等待5秒继续取
18-10-02 04:46-INFO--暂时无可提62,等待5秒继续取
18-10-02 04:46-INFO--暂时无可提62,等待5秒继续取
18-10-02 04:46-INFO--暂时无可提62,等待5秒继续取
18-10-02 04:46-INFO--暂时无可提62,等待5秒继续取
18-10-02 04:46-INFO--暂时无可提62,等待5秒继续取
18-10-02 04:47-INFO--已经绑定该设备
18-10-02 04:47-INFO--可运行线程数:100
18-10-02 04:48-INFO--进入登录账号提62
18-10-02 04:48-INFO-a5b3c5ef设备找到44个数据
18-10-02 04:48-INFO-Connected (version 2.0, client OpenSSH_5.3)
18-10-02 04:48-INFO-Authentication (password) successful!
18-10-02 04:48-INFO-a5b3c5ef-断开连接
18-10-02 04:48-INFO-a5b3c5ef-开始拨号
18-10-02 04:48-INFO-a5b3c5ef-连接成功
18-10-02 04:48-INFO-a5b3c5ef-服务器IP地址:49.89.143.27
18-10-02 04:48-INFO-a5b3c5ef-手机IP地址:49.89.143.27
18-10-02 04:48-INFO-a5b3c5ef-获取到手机号码:17326195452
18-10-02 04:48-INFO-a5b3c5ef-获取到登录密码:voj9impb
18-10-02 04:48-INFO-a5b3c5ef-获取到好友ID:
18-10-02 04:48-INFO-a5b3c5ef-获取WXID:wxid_9ccxcbnfn72p22
18-10-02 04:48-INFO-a5b3c5ef-获取到云码:wbp:fe0d208228e28072842ae22cd76dcccd
18-10-02 04:48-INFO-a5b3c5ef-获取到注册IP:49.70.64.174
18-10-02 04:48-INFO-a5b3c5ef-获取到注册日期:2018-09-17
18-10-02 04:48-INFO-a5b3c5ef-正在刷新微霸授权,请稍后
18-10-02 04:48-INFO-a5b3c5ef-环境切换成功
18-10-02 04:48-INFO-Redirecting http://127.0.0.1:4732/wd/hub/session -> http://127.0.0.1:4732/wd/hub/session/d190a781-2c26-41b5-ab4a-1c9b6322ba46
18-10-02 04:48-INFO-a5b3c5ef-输入密码
18-10-02 04:49-INFO-a5b3c5ef-点击登录
18-10-02 04:49-INFO-Redirecting http://127.0.0.1:4732/wd/hub/session -> http://127.0.0.1:4732/wd/hub/session/068f8e88-58d1-4e4a-a1fb-90d7320f286c
18-10-02 04:49-INFO-a5b3c5ef-开始提62
18-10-02 04:49-INFO-Connected (version 2.0, client OpenSSH_5.3)
18-10-02 04:49-INFO-Authentication (password) successful!
18-10-02 04:49-INFO-a5b3c5ef-断开连接
18-10-02 04:49-INFO-a5b3c5ef-开始拨号
18-10-02 04:49-INFO-a5b3c5ef-连接成功
18-10-02 04:49-INFO-a5b3c5ef-服务器IP地址:114.239.0.87
18-10-02 04:49-INFO-a5b3c5ef-手机IP地址:114.239.0.87
18-10-02 04:49-INFO-a5b3c5ef-获取到手机号码:18961278546
18-10-02 04:49-INFO-a5b3c5ef-获取到登录密码:ewd82jc9
18-10-02 04:49-INFO-a5b3c5ef-获取到好友ID:
18-10-02 04:49-INFO-a5b3c5ef-获取WXID:wxid_sqsr9hukf0qg22
18-10-02 04:49-INFO-a5b3c5ef-获取到云码:wbp:6e9d5dbeba822433128716f24216380b
18-10-02 04:49-INFO-a5b3c5ef-获取到注册IP:49.89.84.210
18-10-02 04:49-INFO-a5b3c5ef-获取到注册日期:2018-09-17
18-10-02 04:50-INFO-a5b3c5ef-正在刷新微霸授权,请稍后
18-10-02 04:51-INFO--已经绑定该设备
18-10-02 04:51-INFO--可运行线程数:100
18-10-02 04:51-INFO--进入登录账号提62
18-10-02 04:51-INFO-a5b3c5ef设备找到44个数据
18-10-02 04:51-INFO-Connected (version 2.0, client OpenSSH_5.3)
18-10-02 04:51-INFO-Authentication (password) successful!
18-10-02 04:51-INFO-a5b3c5ef-断开连接
18-10-02 04:51-INFO-a5b3c5ef-开始拨号
18-10-02 04:51-INFO-a5b3c5ef-连接成功
18-10-02 04:51-INFO-a5b3c5ef-服务器IP地址:114.239.147.146
18-10-02 04:51-INFO-a5b3c5ef-手机IP地址:114.239.147.146
18-10-02 04:51-INFO-a5b3c5ef-获取到手机号码:17326195452
18-10-02 04:51-INFO-a5b3c5ef-获取到登录密码:voj9impb
18-10-02 04:51-INFO-a5b3c5ef-获取到好友ID:
18-10-02 04:51-INFO-a5b3c5ef-获取WXID:wxid_9ccxcbnfn72p22
18-10-02 04:51-INFO-a5b3c5ef-获取到云码:wbp:fe0d208228e28072842ae22cd76dcccd
18-10-02 04:51-INFO-a5b3c5ef-获取到注册IP:49.70.64.174
18-10-02 04:51-INFO-a5b3c5ef-获取到注册日期:2018-09-17
18-10-02 04:51-INFO-a5b3c5ef-正在刷新微霸授权,请稍后
18-10-02 04:52-INFO-a5b3c5ef-环境切换成功
18-10-02 04:52-INFO-Redirecting http://127.0.0.1:4732/wd/hub/session -> http://127.0.0.1:4732/wd/hub/session/e0d019b5-b6da-419f-8448-3e7488b84d98
18-10-02 04:52-INFO-a5b3c5ef-输入密码
18-10-02 04:52-INFO-a5b3c5ef-点击登录
18-10-02 04:53-INFO-Redirecting http://127.0.0.1:4732/wd/hub/session -> http://127.0.0.1:4732/wd/hub/session/a552dedc-e676-4c44-8187-a1ae3964aa1b
18-10-02 04:53-INFO-a5b3c5ef-开始提62
18-10-02 04:53-INFO-Connected (version 2.0, client OpenSSH_5.3)
18-10-02 04:53-INFO-Authentication (password) successful!
18-10-02 04:53-INFO-a5b3c5ef-断开连接
18-10-02 04:53-INFO-a5b3c5ef-开始拨号
18-10-02 04:54-INFO--已经绑定该设备
18-10-02 04:54-INFO--可运行线程数:100
18-10-02 04:55-INFO--进入登录账号提62
18-10-02 04:55-INFO-a5b3c5ef设备找到44个数据
18-10-02 04:55-INFO-Connected (version 2.0, client OpenSSH_5.3)
18-10-02 04:55-INFO-Authentication (password) successful!
18-10-02 04:55-INFO-a5b3c5ef-断开连接
18-10-02 04:55-INFO-a5b3c5ef-开始拨号
18-10-02 04:55-INFO-a5b3c5ef-连接成功
18-10-02 04:55-INFO-a5b3c5ef-服务器IP地址:49.89.143.40
18-10-02 04:55-INFO-a5b3c5ef-手机IP地址:49.89.143.40
18-10-02 04:55-INFO-a5b3c5ef-获取到手机号码:17326195452
18-10-02 04:55-INFO-a5b3c5ef-获取到登录密码:voj9impb
18-10-02 04:55-INFO-a5b3c5ef-获取到好友ID:
18-10-02 04:55-INFO-a5b3c5ef-获取WXID:wxid_9ccxcbnfn72p22
18-10-02 04:55-INFO-a5b3c5ef-获取到云码:wbp:fe0d208228e28072842ae22cd76dcccd
18-10-02 04:55-INFO-a5b3c5ef-获取到注册IP:49.70.64.174
18-10-02 04:55-INFO-a5b3c5ef-获取到注册日期:2018-09-17
18-10-02 04:55-INFO-a5b3c5ef-正在刷新微霸授权,请稍后
18-10-02 04:55-INFO-a5b3c5ef-环境切换成功
18-10-02 04:55-INFO-Redirecting http://127.0.0.1:4732/wd/hub/session -> http://127.0.0.1:4732/wd/hub/session/12f358d8-6b77-4707-9139-c94e519d6e96
18-10-02 04:56-INFO-a5b3c5ef-输入密码
18-10-02 04:56-INFO-a5b3c5ef-点击登录
18-10-02 04:56-INFO-Redirecting http://127.0.0.1:4732/wd/hub/session -> http://127.0.0.1:4732/wd/hub/session/a5e90e50-8996-4148-925e-b1868dc83355
18-10-02 04:56-INFO-a5b3c5ef-开始提62
18-10-02 04:56-INFO-Connected (version 2.0, client OpenSSH_5.3)
18-10-02 04:56-INFO-Authentication (password) successful!
18-10-02 04:56-INFO-a5b3c5ef-断开连接
18-10-02 04:56-INFO-a5b3c5ef-开始拨号
18-10-02 04:57-INFO-a5b3c5ef-连接成功
18-10-02 04:57-INFO-a5b3c5ef-服务器IP地址:114.239.3.106
18-10-02 04:57-INFO-a5b3c5ef-手机IP地址:114.239.3.106
18-10-02 04:57-INFO-a5b3c5ef-获取到手机号码:18961278546
18-10-02 04:57-INFO-a5b3c5ef-获取到登录密码:ewd82jc9
18-10-02 04:57-INFO-a5b3c5ef-获取到好友ID:
18-10-02 04:57-INFO-a5b3c5ef-获取WXID:wxid_sqsr9hukf0qg22
18-10-02 04:57-INFO-a5b3c5ef-获取到云码:wbp:6e9d5dbeba822433128716f24216380b
18-10-02 04:57-INFO-a5b3c5ef-获取到注册IP:49.89.84.210
18-10-02 04:57-INFO-a5b3c5ef-获取到注册日期:2018-09-17
18-10-02 04:57-INFO-a5b3c5ef-正在刷新微霸授权,请稍后
18-10-02 04:57-INFO-a5b3c5ef-环境切换成功
18-10-02 04:59-INFO--已经绑定该设备
18-10-02 04:59-INFO--可运行线程数:100
18-10-02 04:59-INFO--进入登录账号提62
18-10-02 04:59-INFO-a5b3c5ef设备找到44个数据
18-10-02 04:59-INFO-Connected (version 2.0, client OpenSSH_5.3)
18-10-02 04:59-INFO-Authentication (password) successful!
18-10-02 04:59-INFO-a5b3c5ef-断开连接
18-10-02 04:59-INFO-a5b3c5ef-开始拨号
18-10-02 04:59-INFO-a5b3c5ef-连接成功
18-10-02 04:59-INFO-a5b3c5ef-服务器IP地址:114.239.252.126
18-10-02 04:59-INFO-a5b3c5ef-手机IP地址:114.239.252.126
18-10-02 04:59-INFO-a5b3c5ef-获取到手机号码:17326195452
18-10-02 04:59-INFO-a5b3c5ef-获取到登录密码:voj9impb
18-10-02 04:59-INFO-a5b3c5ef-获取到好友ID:
18-10-02 04:59-INFO-a5b3c5ef-获取WXID:wxid_9ccxcbnfn72p22
18-10-02 04:59-INFO-a5b3c5ef-获取到云码:wbp:fe0d208228e28072842ae22cd76dcccd
18-10-02 04:59-INFO-a5b3c5ef-获取到注册IP:49.70.64.174
18-10-02 04:59-INFO-a5b3c5ef-获取到注册日期:2018-09-17
18-10-02 04:59-INFO-a5b3c5ef-正在刷新微霸授权,请稍后
18-10-02 04:59-INFO-a5b3c5ef-环境切换成功
18-10-02 05:00-INFO-Redirecting http://127.0.0.1:4732/wd/hub/session -> http://127.0.0.1:4732/wd/hub/session/2d9d8539-1d4c-4169-980a-85423986f221
18-10-02 05:00-INFO-a5b3c5ef-输入密码
18-10-02 05:00-INFO-a5b3c5ef-点击登录
18-10-02 05:01-INFO-a5b3c5ef-开始提62
18-10-02 05:01-INFO-a5b3c5ef-提62成功
18-10-02 05:01-INFO-a5b3c5ef-成功
18-10-02 05:01-INFO-Connected (version 2.0, client OpenSSH_5.3)
18-10-02 05:01-INFO-Authentication (password) successful!
18-10-02 05:01-INFO-a5b3c5ef-断开连接
18-10-02 05:01-INFO-a5b3c5ef-开始拨号
18-10-02 05:01-INFO-a5b3c5ef-连接成功
18-10-02 05:01-INFO-a5b3c5ef-服务器IP地址:106.110.195.203
18-10-02 05:01-INFO-a5b3c5ef-手机IP地址:106.110.195.203
18-10-02 05:01-INFO-a5b3c5ef-获取到手机号码:18961278546
18-10-02 05:01-INFO-a5b3c5ef-获取到登录密码:ewd82jc9
18-10-02 05:01-INFO-a5b3c5ef-获取到好友ID:
18-10-02 05:01-INFO-a5b3c5ef-获取WXID:wxid_sqsr9hukf0qg22
18-10-02 05:01-INFO-a5b3c5ef-获取到云码:wbp:6e9d5dbeba822433128716f24216380b
18-10-02 05:01-INFO-a5b3c5ef-获取到注册IP:49.89.84.210
18-10-02 05:01-INFO-a5b3c5ef-获取到注册日期:2018-09-17
18-10-02 05:01-INFO-a5b3c5ef-正在刷新微霸授权,请稍后
18-10-02 05:09-INFO--已经绑定该设备
18-10-02 05:09-INFO--可运行线程数:100
18-10-02 05:10-INFO--进入登录账号提62
18-10-02 05:10-INFO-a5b3c5ef设备找到44个数据
18-10-02 05:10-INFO-Connected (version 2.0, client OpenSSH_5.3)
18-10-02 05:10-INFO-Authentication (password) successful!
18-10-02 05:10-INFO-a5b3c5ef-断开连接
18-10-02 05:10-INFO-a5b3c5ef-开始拨号
18-10-02 05:10-INFO-a5b3c5ef-连接成功
18-10-02 05:10-INFO-a5b3c5ef-服务器IP地址:114.239.147.110
18-10-02 05:10-INFO-a5b3c5ef-手机IP地址:114.239.147.110
18-10-02 05:10-INFO-a5b3c5ef-获取到手机号码:17326195452
18-10-02 05:10-INFO-a5b3c5ef-获取到登录密码:voj9impb
18-10-02 05:10-INFO-a5b3c5ef-获取到好友ID:
18-10-02 05:10-INFO-a5b3c5ef-获取WXID:wxid_9ccxcbnfn72p22
18-10-02 05:10-INFO-a5b3c5ef-获取到云码:wbp:fe0d208228e28072842ae22cd76dcccd
18-10-02 05:10-INFO-a5b3c5ef-获取到注册IP:49.70.64.174
18-10-02 05:10-INFO-a5b3c5ef-获取到注册日期:2018-09-17
18-10-02 05:10-INFO-a5b3c5ef-正在刷新微霸授权,请稍后
18-10-02 05:10-INFO-a5b3c5ef-环境切换成功
18-10-02 05:10-INFO-Redirecting http://127.0.0.1:4732/wd/hub/session -> http://127.0.0.1:4732/wd/hub/session/11db68a7-a8bb-493f-acaf-31e567cc4cef
18-10-02 05:11-INFO-a5b3c5ef-输入密码
18-10-02 05:11-INFO-a5b3c5ef-点击登录
18-10-02 05:11-INFO-a5b3c5ef-开始提62
18-10-02 05:11-INFO-a5b3c5ef-提62成功
18-10-02 05:11-INFO-a5b3c5ef-成功
18-10-02 05:11-INFO-Connected (version 2.0, client OpenSSH_5.3)
18-10-02 05:11-INFO-Authentication (password) successful!
18-10-02 05:11-INFO-a5b3c5ef-断开连接
18-10-02 05:11-INFO-a5b3c5ef-开始拨号
18-10-02 05:12-INFO-a5b3c5ef-连接成功
18-10-02 05:12-INFO-a5b3c5ef-服务器IP地址:114.239.249.103
18-10-02 05:12-INFO-a5b3c5ef-手机IP地址:114.239.249.103
18-10-02 05:12-INFO-a5b3c5ef-获取到手机号码:18961278546
18-10-02 05:12-INFO-a5b3c5ef-获取到登录密码:ewd82jc9
18-10-02 05:12-INFO-a5b3c5ef-获取到好友ID:
18-10-02 05:12-INFO-a5b3c5ef-获取WXID:wxid_sqsr9hukf0qg22
18-10-02 05:12-INFO-a5b3c5ef-获取到云码:wbp:6e9d5dbeba822433128716f24216380b
18-10-02 05:12-INFO-a5b3c5ef-获取到注册IP:49.89.84.210
18-10-02 05:12-INFO-a5b3c5ef-获取到注册日期:2018-09-17
18-10-02 05:12-INFO-a5b3c5ef-正在刷新微霸授权,请稍后
18-10-02 05:12-INFO-a5b3c5ef-环境切换成功
18-10-02 05:12-INFO--已经绑定该设备
18-10-02 05:12-INFO--可运行线程数:100
18-10-05 11:26-INFO-945f3978-没有收藏此项目，请登录用户端或进网站的项目列表中收藏项目ID10219600
18-10-05 11:26-INFO-945f3978-没有收藏此项目，请登录用户端或进网站的项目列表中收藏项目ID10219600
18-10-05 11:26-INFO-945f3978-获取到手机号码:13114590645
18-10-10 00:41-INFO-945f3978-获取不到手机号码
18-10-10 00:41-INFO-945f3978-获取不到手机号码
18-10-10 00:42-INFO-945f3978-获取不到手机号码
18-10-10 00:42-INFO-945f3978-获取不到手机号码
18-10-10 00:42-INFO-945f3978-获取不到手机号码
18-10-10 00:42-INFO-945f3978-获取不到手机号码
18-10-10 00:42-INFO-945f3978-获取不到手机号码
18-10-10 00:43-INFO-945f3978-获取不到手机号码
18-10-10 00:44-INFO-945f3978-获取不到手机号码
18-10-10 00:44-INFO-945f3978-获取到手机号码:17365964974
18-10-10 00:45-INFO-945f3978-获取到手机号码:17334780413
18-10-10 00:45-INFO-945f3978-获取到手机号码:17337559544
18-10-10 00:45-INFO-945f3978-获取到手机号码:17324985450
18-10-10 00:45-INFO-945f3978-获取到手机号码:17335643620
18-10-10 11:00-INFO-945f3978-获取到手机号码:17326234090
18-10-10 14:02-INFO-945f3978-获取到手机号码:17337559544
18-10-10 14:03-INFO-945f3978-获取到手机号码:17324985450
18-10-10 14:03-INFO-945f3978-获取到手机号码:17335643620
18-10-10 14:05-INFO-945f3978-获取到手机号码:17337472746
18-10-10 14:06-INFO-945f3978-发送短信失败
18-10-10 14:07-INFO-945f3978-发送短信失败
18-10-10 14:13-INFO-945f3978-发送短信失败
18-10-10 14:17-INFO-945f3978-获取到手机号码:17337559544
18-10-10 14:18-INFO-945f3978-发送短信失败
18-10-10 14:19-INFO-945f3978-发送短信失败
18-10-10 14:21-INFO-945f3978-获取到手机号码:17324985450
18-10-10 14:21-INFO-945f3978-发送短信失败
18-10-10 14:22-INFO-945f3978-获取到手机号码:17335643620
18-10-10 14:23-INFO-945f3978-发送短信失败
18-10-10 14:23-INFO-945f3978-获取到手机号码:17326234090
18-10-10 22:23-INFO--已经绑定该设备
18-10-10 22:23-INFO--第一次运行
18-10-10 22:24-INFO-账号脚本可允许数量超过限制
18-10-10 22:24-INFO--可运行线程数:None
18-10-10 22:25-INFO--第一次运行
18-10-10 22:25-INFO-账号脚本可允许数量超过限制
18-10-10 22:25-INFO--可运行线程数:None
18-10-10 22:31-INFO--第一次运行
18-10-10 22:31-INFO--可运行线程数:100
18-10-10 22:32-INFO--进入登录账号提62
18-10-10 22:32-INFO-db9c0d81该设备在养号列表中没有数据
18-10-10 22:33-INFO--已经绑定该设备
18-10-10 22:33-INFO--可运行线程数:100
18-10-10 22:40-INFO--已经绑定该设备
18-10-10 22:40-INFO--可运行线程数:100
18-10-10 22:41-INFO--进入登录账号提62
18-10-10 22:41-INFO-db9c0d81该设备在养号列表中没有数据
18-10-10 22:53-INFO--已经绑定该设备
18-10-10 22:53-INFO--可运行线程数:100
18-10-10 22:54-INFO--进入登录账号提62
18-10-10 22:54-INFO-db9c0d81该设备在养号列表中没有数据
18-10-10 22:55-INFO--已经绑定该设备
18-10-10 22:55-INFO--可运行线程数:100
18-10-10 22:56-INFO--进入登录账号提62
18-10-10 22:56-INFO-db9c0d81该设备在养号列表中没有数据
18-10-10 22:57-INFO--已经绑定该设备
18-10-10 22:57-INFO--可运行线程数:100
18-10-10 22:57-INFO--进入登录账号提62
18-10-10 22:57-INFO-db9c0d81该设备在养号列表中没有数据
18-10-10 22:58-INFO--已经绑定该设备
18-10-10 22:58-INFO--可运行线程数:100
18-10-10 22:58-INFO--进入登录账号提62
18-10-10 22:58-INFO-db9c0d81设备找到2个数据
18-10-10 22:59-INFO-db9c0d81-获取到手机号码:18280006433
18-10-10 22:59-INFO-db9c0d81-获取到登录密码:9k14harf
18-10-10 22:59-INFO-db9c0d81-获取到好友ID:
18-10-10 22:59-INFO-db9c0d81-获取WXID:wxid_6tqmwhwz21rp22
18-10-10 22:59-INFO-db9c0d81-获取到云码:wbp:e49dd02965b3649f4fff563f27d2e4b8
18-10-10 22:59-INFO-db9c0d81-获取到注册IP:139.201.242.69
18-10-10 22:59-INFO-db9c0d81-获取到注册日期:2018-09-28
18-10-10 22:59-INFO-db9c0d81-云码恢复成功
18-10-10 22:59-INFO-Redirecting http://127.0.0.1:4732/wd/hub/session -> http://127.0.0.1:4732/wd/hub/session/9247e205-2f89-42ab-a68c-fa2a84c344bd
18-10-10 22:59-INFO-db9c0d81-输入账号
18-10-10 22:59-INFO-db9c0d81-下一步
18-10-10 22:59-INFO-db9c0d81-输入密码
18-10-10 22:59-INFO-db9c0d81-登录
18-10-10 23:00-INFO-db9c0d81-提A16数据失败
18-10-10 23:00-INFO-db9c0d81-成功
18-10-10 23:00-INFO-db9c0d81-获取到手机号码:18280006433
18-10-10 23:00-INFO-db9c0d81-获取到登录密码:9k14harf
18-10-10 23:00-INFO-db9c0d81-获取到好友ID:
18-10-10 23:00-INFO-db9c0d81-获取WXID:wxid_6tqmwhwz21rp22
18-10-10 23:00-INFO-db9c0d81-获取到云码:wbp:e49dd02965b3649f4fff563f27d2e4b8
18-10-10 23:00-INFO-db9c0d81-获取到注册IP:139.201.242.69
18-10-10 23:00-INFO-db9c0d81-获取到注册日期:2018-09-28
18-10-10 23:20-INFO--已经绑定该设备
18-10-10 23:20-INFO--可运行线程数:100
18-10-10 23:24-INFO--进入登录账号提62
18-10-10 23:24-INFO-db9c0d81设备找到2个数据
18-10-10 23:24-INFO-db9c0d81-获取到手机号码:18280006433
18-10-10 23:24-INFO-db9c0d81-获取到登录密码:9k14harf
18-10-10 23:24-INFO-db9c0d81-获取到好友ID:
18-10-10 23:24-INFO-db9c0d81-获取WXID:wxid_6tqmwhwz21rp22
18-10-10 23:24-INFO-db9c0d81-获取到云码:wbp:e49dd02965b3649f4fff563f27d2e4b8
18-10-10 23:24-INFO-db9c0d81-获取到注册IP:139.201.242.69
18-10-10 23:24-INFO-db9c0d81-获取到注册日期:2018-09-28
18-10-10 23:25-INFO-db9c0d81-云码恢复成功
18-10-10 23:25-INFO-Redirecting http://127.0.0.1:4732/wd/hub/session -> http://127.0.0.1:4732/wd/hub/session/7c38374e-d41b-4fdd-adb1-6e0e86e9539e
18-10-10 23:25-INFO-db9c0d81-输入账号
18-10-10 23:25-INFO-db9c0d81-下一步
18-10-10 23:25-INFO-db9c0d81-输入密码
18-10-10 23:25-INFO-db9c0d81-登录
18-10-10 23:27-INFO--已经绑定该设备
18-10-10 23:27-INFO--可运行线程数:100
18-10-10 23:28-INFO--进入登录账号提62
18-10-10 23:28-INFO-db9c0d81设备找到2个数据
18-10-10 23:28-INFO-db9c0d81-获取到手机号码:18280006433
18-10-10 23:28-INFO-db9c0d81-获取到登录密码:9k14harf
18-10-10 23:28-INFO-db9c0d81-获取到好友ID:
18-10-10 23:28-INFO-db9c0d81-获取WXID:wxid_6tqmwhwz21rp22
18-10-10 23:28-INFO-db9c0d81-获取到云码:wbp:e49dd02965b3649f4fff563f27d2e4b8
18-10-10 23:28-INFO-db9c0d81-获取到注册IP:139.201.242.69
18-10-10 23:28-INFO-db9c0d81-获取到注册日期:2018-09-28
18-10-10 23:28-INFO-db9c0d81-云码恢复成功
18-10-10 23:28-INFO-Redirecting http://127.0.0.1:4732/wd/hub/session -> http://127.0.0.1:4732/wd/hub/session/7ef02cc4-b723-43ca-9f71-f4819a58446e
18-10-10 23:28-INFO-db9c0d81-输入账号
18-10-10 23:28-INFO-db9c0d81-下一步
18-10-10 23:28-INFO-db9c0d81-输入密码
18-10-10 23:29-INFO-db9c0d81-登录
18-10-10 23:31-INFO--已经绑定该设备
18-10-10 23:31-INFO--可运行线程数:100
18-10-10 23:31-INFO--进入登录账号提62
18-10-10 23:31-INFO-db9c0d81设备找到1个数据
18-10-10 23:32-INFO-db9c0d81-获取到手机号码:18280006433
18-10-10 23:32-INFO-db9c0d81-获取到登录密码:9k14harf
18-10-10 23:32-INFO-db9c0d81-获取到好友ID:
18-10-10 23:32-INFO-db9c0d81-获取WXID:wxid_6tqmwhwz21rp22
18-10-10 23:32-INFO-db9c0d81-获取到云码:wbp:e49dd02965b3649f4fff563f27d2e4b8
18-10-10 23:32-INFO-db9c0d81-获取到注册IP:139.201.242.69
18-10-10 23:32-INFO-db9c0d81-获取到注册日期:2018-09-28
18-10-10 23:32-INFO-db9c0d81-云码恢复成功
18-10-10 23:32-INFO-Could not connect to port 4732 on host localhost
18-10-10 23:32-INFO-Could not get IP address for host: localhost
18-10-10 23:32-WARNING-Retrying (Retry(total=2, connect=None, read=None, redirect=None, status=None)) after connection broken by 'NewConnectionError('<urllib3.connection.HTTPConnection object at 0x0000000004DB7080>: Failed to establish a new connection: [Errno 10061] ',)': /wd/hub/session
18-10-10 23:32-WARNING-Retrying (Retry(total=1, connect=None, read=None, redirect=None, status=None)) after connection broken by 'NewConnectionError('<urllib3.connection.HTTPConnection object at 0x0000000004DB74A8>: Failed to establish a new connection: [Errno 10061] ',)': /wd/hub/session
18-10-10 23:32-WARNING-Retrying (Retry(total=0, connect=None, read=None, redirect=None, status=None)) after connection broken by 'NewConnectionError('<urllib3.connection.HTTPConnection object at 0x0000000004DB76D8>: Failed to establish a new connection: [Errno 10061] ',)': /wd/hub/session
18-10-10 23:32-INFO--已经绑定该设备
18-10-10 23:32-INFO--可运行线程数:100
18-10-10 23:32-INFO--进入登录账号提62
18-10-10 23:32-INFO-db9c0d81设备找到1个数据
18-10-10 23:32-INFO-db9c0d81-获取到手机号码:18280006433
18-10-10 23:32-INFO-db9c0d81-获取到登录密码:9k14harf
18-10-10 23:32-INFO-db9c0d81-获取到好友ID:
18-10-10 23:32-INFO-db9c0d81-获取WXID:wxid_6tqmwhwz21rp22
18-10-10 23:32-INFO-db9c0d81-获取到云码:wbp:e49dd02965b3649f4fff563f27d2e4b8
18-10-10 23:32-INFO-db9c0d81-获取到注册IP:139.201.242.69
18-10-10 23:32-INFO-db9c0d81-获取到注册日期:2018-09-28
18-10-10 23:33-INFO-db9c0d81-云码恢复成功
18-10-10 23:33-INFO-Could not connect to port 4732 on host localhost
18-10-10 23:33-INFO-Could not get IP address for host: localhost
18-10-10 23:33-WARNING-Retrying (Retry(total=2, connect=None, read=None, redirect=None, status=None)) after connection broken by 'NewConnectionError('<urllib3.connection.HTTPConnection object at 0x0000000004205080>: Failed to establish a new connection: [Errno 10061] ',)': /wd/hub/session
18-10-10 23:33-WARNING-Retrying (Retry(total=1, connect=None, read=None, redirect=None, status=None)) after connection broken by 'NewConnectionError('<urllib3.connection.HTTPConnection object at 0x00000000042054A8>: Failed to establish a new connection: [Errno 10061] ',)': /wd/hub/session
18-10-10 23:33-WARNING-Retrying (Retry(total=0, connect=None, read=None, redirect=None, status=None)) after connection broken by 'NewConnectionError('<urllib3.connection.HTTPConnection object at 0x00000000042056D8>: Failed to establish a new connection: [Errno 10061] ',)': /wd/hub/session
18-10-10 23:33-INFO--已经绑定该设备
18-10-10 23:33-INFO--可运行线程数:100
18-10-10 23:33-INFO--进入登录账号提62
18-10-10 23:33-INFO-db9c0d81设备找到1个数据
18-10-10 23:34-INFO-db9c0d81-获取到手机号码:18280006433
18-10-10 23:34-INFO-db9c0d81-获取到登录密码:9k14harf
18-10-10 23:34-INFO-db9c0d81-获取到好友ID:
18-10-10 23:34-INFO-db9c0d81-获取WXID:wxid_6tqmwhwz21rp22
18-10-10 23:34-INFO-db9c0d81-获取到云码:wbp:e49dd02965b3649f4fff563f27d2e4b8
18-10-10 23:34-INFO-db9c0d81-获取到注册IP:139.201.242.69
18-10-10 23:34-INFO-db9c0d81-获取到注册日期:2018-09-28
18-10-10 23:34-INFO-db9c0d81-云码恢复成功
18-10-10 23:34-INFO-Redirecting http://127.0.0.1:4732/wd/hub/session -> http://127.0.0.1:4732/wd/hub/session/6b601285-51cd-4f79-9d22-221de8708872
18-10-10 23:34-INFO-db9c0d81-输入账号
18-10-10 23:34-INFO-db9c0d81-下一步
18-10-10 23:34-INFO-db9c0d81-输入密码
18-10-10 23:34-INFO-db9c0d81-登录
18-10-10 23:38-INFO-db9c0d81-失败
18-10-11 00:25-INFO--已经绑定该设备
18-10-11 00:29-INFO--已经绑定该设备
18-10-11 00:29-INFO--可运行线程数:100
18-10-11 00:29-INFO--进入登录账号提62
18-10-11 00:29-INFO-db9c0d81设备找到1个数据
18-10-11 00:29-INFO-db9c0d81-获取到手机号码:18280006433
18-10-11 00:29-INFO-db9c0d81-获取到登录密码:9k14harf
18-10-11 00:29-INFO-db9c0d81-获取到好友ID:
18-10-11 00:29-INFO-db9c0d81-获取WXID:wxid_6tqmwhwz21rp22
18-10-11 00:29-INFO-db9c0d81-获取到云码:wbp:e49dd02965b3649f4fff563f27d2e4b8
18-10-11 00:29-INFO-db9c0d81-获取到注册IP:139.201.242.69
18-10-11 00:29-INFO-db9c0d81-获取到注册日期:2018-09-28
18-10-11 00:29-INFO-db9c0d81-云码恢复成功
18-10-11 00:29-INFO-Redirecting http://127.0.0.1:4732/wd/hub/session -> http://127.0.0.1:4732/wd/hub/session/4050ad55-bc90-4747-92c0-9079465939ea
18-10-11 00:30-INFO-db9c0d81-输入账号
18-10-11 00:30-INFO-db9c0d81-下一步
18-10-11 00:30-INFO-db9c0d81-输入密码
18-10-11 00:30-INFO-db9c0d81-登录
18-10-11 00:31-INFO-db9c0d81-提A16数据失败
18-10-11 00:31-INFO-db9c0d81-成功
18-10-11 00:33-INFO--已经绑定该设备
18-10-11 00:34-INFO--可运行线程数:100
18-10-11 00:34-INFO--进入登录账号提62
18-10-11 00:34-INFO-db9c0d81设备找到1个数据
18-10-11 00:34-INFO-db9c0d81-获取到手机号码:18280006433
18-10-11 00:34-INFO-db9c0d81-获取到登录密码:9k14harf
18-10-11 00:34-INFO-db9c0d81-获取到好友ID:
18-10-11 00:34-INFO-db9c0d81-获取WXID:wxid_6tqmwhwz21rp22
18-10-11 00:34-INFO-db9c0d81-获取到云码:wbp:e49dd02965b3649f4fff563f27d2e4b8
18-10-11 00:34-INFO-db9c0d81-获取到注册IP:139.201.242.69
18-10-11 00:34-INFO-db9c0d81-获取到注册日期:2018-09-28
18-10-11 00:34-INFO-db9c0d81-正在刷新微霸授权,请稍后
18-10-11 00:35-INFO-db9c0d81-环境切换成功
18-10-11 00:35-INFO-Redirecting http://127.0.0.1:4732/wd/hub/session -> http://127.0.0.1:4732/wd/hub/session/97875c84-f16c-4982-b63a-9da497634ab5
18-10-11 00:36-INFO--已经绑定该设备
18-10-11 00:36-INFO--可运行线程数:100
18-10-11 00:36-INFO--进入登录账号提62
18-10-11 00:36-INFO-db9c0d81设备找到1个数据
18-10-11 00:36-INFO-db9c0d81-获取到手机号码:18280006433
18-10-11 00:36-INFO-db9c0d81-获取到登录密码:9k14harf
18-10-11 00:36-INFO-db9c0d81-获取到好友ID:
18-10-11 00:36-INFO-db9c0d81-获取WXID:wxid_6tqmwhwz21rp22
18-10-11 00:36-INFO-db9c0d81-获取到云码:wbp:e49dd02965b3649f4fff563f27d2e4b8
18-10-11 00:36-INFO-db9c0d81-获取到注册IP:139.201.242.69
18-10-11 00:36-INFO-db9c0d81-获取到注册日期:2018-09-28
18-10-11 00:36-INFO-db9c0d81-正在刷新微霸授权,请稍后
18-10-11 00:36-INFO-db9c0d81-环境切换成功
18-10-11 00:36-INFO-Could not connect to port 4732 on host localhost
18-10-11 00:36-INFO-Could not get IP address for host: localhost
18-10-11 00:36-WARNING-Retrying (Retry(total=2, connect=None, read=None, redirect=None, status=None)) after connection broken by 'NewConnectionError('<urllib3.connection.HTTPConnection object at 0x0000000003FD4128>: Failed to establish a new connection: [Errno 10061] ',)': /wd/hub/session
18-10-11 00:36-WARNING-Retrying (Retry(total=1, connect=None, read=None, redirect=None, status=None)) after connection broken by 'NewConnectionError('<urllib3.connection.HTTPConnection object at 0x0000000003FD4470>: Failed to establish a new connection: [Errno 10061] ',)': /wd/hub/session
18-10-11 00:36-WARNING-Retrying (Retry(total=0, connect=None, read=None, redirect=None, status=None)) after connection broken by 'NewConnectionError('<urllib3.connection.HTTPConnection object at 0x0000000003FD46A0>: Failed to establish a new connection: [Errno 10061] ',)': /wd/hub/session
18-10-11 00:37-INFO--已经绑定该设备
18-10-11 00:39-INFO--已经绑定该设备
18-10-11 00:39-INFO--可运行线程数:100
18-10-11 00:39-INFO--进入登录账号提62
18-10-11 00:39-INFO-db9c0d81设备找到1个数据
18-10-11 00:40-INFO-db9c0d81-获取到手机号码:18280006433
18-10-11 00:40-INFO-db9c0d81-获取到登录密码:9k14harf
18-10-11 00:40-INFO-db9c0d81-获取到好友ID:
18-10-11 00:40-INFO-db9c0d81-获取WXID:wxid_6tqmwhwz21rp22
18-10-11 00:40-INFO-db9c0d81-获取到云码:wbp:e49dd02965b3649f4fff563f27d2e4b8
18-10-11 00:40-INFO-db9c0d81-获取到注册IP:139.201.242.69
18-10-11 00:40-INFO-db9c0d81-获取到注册日期:2018-09-28
18-10-11 00:40-INFO-db9c0d81-正在刷新微霸授权,请稍后
18-10-11 00:40-INFO-db9c0d81-环境切换成功
18-10-11 00:40-INFO-Redirecting http://127.0.0.1:4732/wd/hub/session -> http://127.0.0.1:4732/wd/hub/session/a7923ce7-2890-47d4-b0ca-b8d4b860bfea
18-10-11 00:41-INFO-18280006433|9k14harf|A68be75c630cbb95|868256021539738|4rpejk39f9cbc3g2|4a:8c:bb:53:e1:b8|arm64-v8a|Letv
18-10-11 00:41-INFO-db9c0d81-提A16数据成功
18-10-11 00:41-INFO-db9c0d81-成功
18-10-11 00:42-INFO--已经绑定该设备
18-10-11 00:42-INFO--可运行线程数:100
18-10-11 00:43-INFO--开始恢复云码
18-10-11 00:43-INFO-db9c0d81设备找到1个数据
18-10-11 00:44-INFO--已经绑定该设备
18-10-11 00:44-INFO--可运行线程数:100
18-10-11 00:44-INFO--开始恢复云码
18-10-11 00:44-INFO-db9c0d81设备找到1个数据
18-10-11 00:45-INFO--已经绑定该设备
18-10-11 00:45-INFO--可运行线程数:100
18-10-11 00:46-INFO--开始恢复云码
18-10-11 00:46-INFO-db9c0d81设备找到1个数据
18-10-11 00:47-INFO--已经绑定该设备
18-10-11 00:47-INFO--可运行线程数:100
18-10-11 00:48-INFO--已经绑定该设备
18-10-11 00:48-INFO--可运行线程数:100
18-10-11 00:48-INFO--开始恢复云码
18-10-11 00:48-INFO-db9c0d81设备找到1个数据
18-10-11 00:49-INFO--已经绑定该设备
18-10-11 00:49-INFO--可运行线程数:100
18-10-11 00:49-INFO--开始恢复云码
18-10-11 00:49-INFO-db9c0d81设备找到1个数据
18-10-11 00:49-INFO--已经绑定该设备
18-10-11 00:49-INFO--可运行线程数:100
18-10-11 00:49-INFO--开始恢复云码
18-10-11 00:49-INFO-db9c0d81设备找到1个数据
18-10-11 00:50-INFO--已经绑定该设备
18-10-11 00:50-INFO--可运行线程数:100
18-10-11 00:50-INFO--开始恢复云码
18-10-11 00:50-INFO-db9c0d81设备找到1个数据
18-10-11 00:52-INFO--已经绑定该设备
18-10-11 00:52-INFO--可运行线程数:100
18-10-11 00:52-INFO--开始恢复云码
18-10-11 00:52-INFO-db9c0d81设备找到1个数据
18-10-11 00:52-INFO--已经绑定该设备
18-10-11 00:52-INFO--可运行线程数:100
18-10-11 00:53-INFO--开始恢复云码
18-10-11 00:53-INFO-db9c0d81设备找到1个数据
18-10-11 00:53-INFO--已经绑定该设备
18-10-11 00:53-INFO--可运行线程数:100
18-10-11 00:53-INFO--开始恢复云码
18-10-11 00:53-INFO-db9c0d81设备找到1个数据
18-10-11 00:54-INFO-db9c0d81-对比结果:18280006433存在,提取云码
18-10-11 00:55-INFO--已经绑定该设备
18-10-11 00:55-INFO--可运行线程数:100
18-10-11 00:55-INFO--开始恢复云码
18-10-11 00:55-INFO-db9c0d81设备找到1个数据
18-10-11 00:55-INFO-db9c0d81-对比结果:18280006433存在,提取云码
18-10-11 01:02-INFO--已经绑定该设备
18-10-11 01:02-INFO--可运行线程数:100
18-10-11 01:03-INFO--开始恢复云码
18-10-11 01:03-INFO-db9c0d81设备找到1个数据
18-10-11 01:03-INFO-db9c0d81-对比结果:18280006433存在,提取云码
18-10-12 16:53-INFO-123-账号余额低于1元,请充值后再提62
18-10-12 16:55-INFO-123-账号余额低于1元,请充值后再提62
18-10-12 16:55-INFO-123-账号余额低于1元,请充值后再提62
18-10-12 16:57-INFO-123-账号余额低于1元,请充值后再提62
18-10-12 16:57-INFO-123-此账号没有提62权限
18-10-12 16:58-INFO-123-此账号没有提62权限
18-10-12 21:57-INFO--第一次运行
18-10-12 21:57-INFO--可运行线程数:100
18-10-12 21:57-INFO--进入登录账号提62
18-10-12 21:57-INFO-db9c0d81设备找到1个数据
18-10-12 21:57-INFO-db9c0d81-获取到手机号码:18280006433
18-10-12 21:57-INFO-db9c0d81-获取到登录密码:9k14harf
18-10-12 21:57-INFO-db9c0d81-获取到好友ID:
18-10-12 21:57-INFO-db9c0d81-获取WXID:wxid_6tqmwhwz21rp22
18-10-12 21:57-INFO-db9c0d81-获取到云码:wbp:e49dd02965b3649f4fff563f27d2e4b8
18-10-12 21:57-INFO-db9c0d81-获取到注册IP:139.201.242.69
18-10-12 21:57-INFO-db9c0d81-获取到注册日期:2018-09-28
18-10-12 21:57-INFO-db9c0d81-正在刷新微霸授权,请稍后
18-10-12 21:58-INFO-db9c0d81-环境切换成功
18-10-12 21:58-INFO-Redirecting http://127.0.0.1:4732/wd/hub/session -> http://127.0.0.1:4732/wd/hub/session/a106e2d5-bbc5-4f58-a0a1-6a5d8583bc62
18-10-12 21:58-INFO-db9c0d81-输入密码
18-10-12 21:58-INFO-db9c0d81-点击登录
18-10-12 21:59-INFO-db9c0d81-开始提62
18-10-13 08:03-INFO--已经绑定该设备
18-10-13 08:03-INFO--可运行线程数:100
18-10-13 08:04-INFO--进入登录账号提62
18-10-13 08:04-INFO-db9c0d81设备找到1个数据
18-10-13 08:04-INFO-db9c0d81-获取到手机号码:18280006433
18-10-13 08:04-INFO-db9c0d81-获取到登录密码:9k14harf
18-10-13 08:04-INFO-db9c0d81-获取到好友ID:
18-10-13 08:04-INFO-db9c0d81-获取WXID:wxid_6tqmwhwz21rp22
18-10-13 08:04-INFO-db9c0d81-获取到云码:wbp:e49dd02965b3649f4fff563f27d2e4b8
18-10-13 08:04-INFO-db9c0d81-获取到注册IP:139.201.242.69
18-10-13 08:04-INFO-db9c0d81-获取到注册日期:2018-09-28
18-10-13 08:04-INFO-db9c0d81-正在刷新微霸授权,请稍后
18-10-13 08:04-INFO-db9c0d81-环境切换成功
18-10-13 08:04-INFO-Could not connect to port 4732 on host localhost
18-10-13 08:04-INFO-Could not get IP address for host: localhost
18-10-13 08:04-WARNING-Retrying (Retry(total=2, connect=None, read=None, redirect=None, status=None)) after connection broken by 'NewConnectionError('<urllib3.connection.HTTPConnection object at 0x0000000003FFC5C0>: Failed to establish a new connection: [Errno 10061] ',)': /wd/hub/session
18-10-13 08:04-WARNING-Retrying (Retry(total=1, connect=None, read=None, redirect=None, status=None)) after connection broken by 'NewConnectionError('<urllib3.connection.HTTPConnection object at 0x0000000003FFCD30>: Failed to establish a new connection: [Errno 10061] ',)': /wd/hub/session
18-10-13 08:04-WARNING-Retrying (Retry(total=0, connect=None, read=None, redirect=None, status=None)) after connection broken by 'NewConnectionError('<urllib3.connection.HTTPConnection object at 0x0000000003FFC208>: Failed to establish a new connection: [Errno 10061] ',)': /wd/hub/session
18-10-13 08:05-INFO--已经绑定该设备
18-10-13 08:05-INFO--可运行线程数:100
18-10-13 08:05-INFO--进入登录账号提62
18-10-13 08:05-INFO-db9c0d81设备找到1个数据
18-10-13 08:05-INFO-db9c0d81-获取到手机号码:18280006433
18-10-13 08:05-INFO-db9c0d81-获取到登录密码:9k14harf
18-10-13 08:05-INFO-db9c0d81-获取到好友ID:
18-10-13 08:05-INFO-db9c0d81-获取WXID:wxid_6tqmwhwz21rp22
18-10-13 08:05-INFO-db9c0d81-获取到云码:wbp:e49dd02965b3649f4fff563f27d2e4b8
18-10-13 08:05-INFO-db9c0d81-获取到注册IP:139.201.242.69
18-10-13 08:05-INFO-db9c0d81-获取到注册日期:2018-09-28
18-10-13 08:05-INFO-db9c0d81-正在刷新微霸授权,请稍后
18-10-13 08:05-INFO-db9c0d81-环境切换成功
18-10-13 08:05-INFO-Redirecting http://127.0.0.1:4732/wd/hub/session -> http://127.0.0.1:4732/wd/hub/session/4eb11c8c-0699-404e-b13d-941c392a5eaf
18-10-13 08:06-INFO-db9c0d81-输入密码
18-10-13 08:06-INFO-db9c0d81-点击登录
18-10-13 08:06-INFO-db9c0d81-开始提62
18-10-13 08:17-INFO--已经绑定该设备
18-10-13 08:17-INFO--可运行线程数:100
18-10-13 08:18-INFO--进入登录账号提62
18-10-13 08:18-INFO-db9c0d81设备找到1个数据
18-10-13 08:18-INFO-db9c0d81-获取到手机号码:18280006433
18-10-13 08:18-INFO-db9c0d81-获取到登录密码:9k14harf
18-10-13 08:18-INFO-db9c0d81-获取到好友ID:
18-10-13 08:18-INFO-db9c0d81-获取WXID:wxid_6tqmwhwz21rp22
18-10-13 08:18-INFO-db9c0d81-获取到云码:wbp:e49dd02965b3649f4fff563f27d2e4b8
18-10-13 08:18-INFO-db9c0d81-获取到注册IP:139.201.242.69
18-10-13 08:18-INFO-db9c0d81-获取到注册日期:2018-09-28
18-10-13 08:18-INFO-db9c0d81-正在刷新微霸授权,请稍后
18-10-13 08:18-INFO-db9c0d81-环境切换成功
18-10-13 08:18-INFO-Redirecting http://127.0.0.1:4732/wd/hub/session -> http://127.0.0.1:4732/wd/hub/session/d5b50cd7-6d91-4f68-be25-37a08a61da81
18-10-13 08:19-INFO-db9c0d81-输入密码
18-10-13 08:19-INFO-db9c0d81-点击登录
18-10-13 08:19-INFO-db9c0d81-开始提62
18-10-13 08:19-INFO-db9c0d81-失败
18-10-13 08:22-INFO--已经绑定该设备
18-10-13 08:22-INFO--可运行线程数:100
18-10-13 08:22-INFO--进入登录账号提62
18-10-13 08:22-INFO-db9c0d81设备找到1个数据
18-10-13 08:22-INFO-db9c0d81-获取到手机号码:18280006433
18-10-13 08:22-INFO-db9c0d81-获取到登录密码:9k14harf
18-10-13 08:22-INFO-db9c0d81-获取到好友ID:
18-10-13 08:22-INFO-db9c0d81-获取WXID:wxid_6tqmwhwz21rp22
18-10-13 08:22-INFO-db9c0d81-获取到云码:wbp:e49dd02965b3649f4fff563f27d2e4b8
18-10-13 08:22-INFO-db9c0d81-获取到注册IP:139.201.242.69
18-10-13 08:22-INFO-db9c0d81-获取到注册日期:2018-09-28
18-10-13 08:22-INFO-db9c0d81-正在刷新微霸授权,请稍后
18-10-13 08:22-INFO-db9c0d81-环境切换成功
18-10-13 08:22-INFO-Redirecting http://127.0.0.1:4732/wd/hub/session -> http://127.0.0.1:4732/wd/hub/session/e20de124-5784-4040-ab43-09051725c20f
18-10-13 08:23-INFO-db9c0d81-输入密码
18-10-13 08:23-INFO-db9c0d81-点击登录
18-10-13 08:23-INFO-db9c0d81-开始提62
18-10-13 08:23-INFO-db9c0d81-失败
18-10-13 08:25-INFO--已经绑定该设备
18-10-13 08:25-INFO--可运行线程数:100
18-10-13 08:25-INFO--进入登录账号提62
18-10-13 08:25-INFO-db9c0d81设备找到1个数据
18-10-13 08:25-INFO-db9c0d81-获取到手机号码:18280006433
18-10-13 08:25-INFO-db9c0d81-获取到登录密码:9k14harf
18-10-13 08:25-INFO-db9c0d81-获取到好友ID:
18-10-13 08:25-INFO-db9c0d81-获取WXID:wxid_6tqmwhwz21rp22
18-10-13 08:25-INFO-db9c0d81-获取到云码:wbp:e49dd02965b3649f4fff563f27d2e4b8
18-10-13 08:25-INFO-db9c0d81-获取到注册IP:139.201.242.69
18-10-13 08:25-INFO-db9c0d81-获取到注册日期:2018-09-28
18-10-13 08:25-INFO-db9c0d81-正在刷新微霸授权,请稍后
18-10-13 08:25-INFO-db9c0d81-环境切换成功
18-10-13 08:26-INFO-Redirecting http://127.0.0.1:4732/wd/hub/session -> http://127.0.0.1:4732/wd/hub/session/aa5145ae-0123-452c-a68f-3582f837c722
18-10-13 08:26-INFO-db9c0d81-输入密码
18-10-13 08:26-INFO-db9c0d81-点击登录
18-10-13 08:26-INFO-db9c0d81-开始提62
18-10-13 08:27-INFO-db9c0d81-开始提62
18-10-13 08:28-INFO-db9c0d81-开始提62
18-10-13 08:28-INFO-db9c0d81-开始提62
18-10-13 08:28-INFO-db9c0d81-提62成功
18-10-13 08:28-INFO-db9c0d81-成功
18-10-13 08:32-INFO--已经绑定该设备
18-10-13 08:32-INFO--可运行线程数:100
18-10-13 08:33-INFO--进入登录账号提62
18-10-13 08:33-INFO-db9c0d81设备找到1个数据
18-10-13 08:33-INFO-db9c0d81-获取到手机号码:18280006433
18-10-13 08:33-INFO-db9c0d81-获取到登录密码:9k14harf
18-10-13 08:33-INFO-db9c0d81-获取到好友ID:
18-10-13 08:33-INFO-db9c0d81-获取WXID:wxid_6tqmwhwz21rp22
18-10-13 08:33-INFO-db9c0d81-获取到云码:wbp:e49dd02965b3649f4fff563f27d2e4b8
18-10-13 08:33-INFO-db9c0d81-获取到注册IP:139.201.242.69
18-10-13 08:33-INFO-db9c0d81-获取到注册日期:2018-09-28
18-10-13 08:33-INFO-db9c0d81-正在刷新微霸授权,请稍后
18-10-13 08:33-INFO-db9c0d81-环境切换成功
18-10-13 08:33-INFO-Redirecting http://127.0.0.1:4732/wd/hub/session -> http://127.0.0.1:4732/wd/hub/session/5ab25bdb-f5b3-4d71-a29b-e3f5f00649e6
18-10-13 08:34-INFO-db9c0d81-输入密码
18-10-13 08:34-INFO-db9c0d81-点击登录
18-10-13 08:34-INFO-db9c0d81-开始提62
18-10-13 08:35-INFO-db9c0d81-开始提62
18-10-13 08:35-INFO-db9c0d81-开始提62
18-10-13 08:36-INFO-db9c0d81-开始提62
18-10-13 08:36-INFO-db9c0d81-开始提62
18-10-13 08:37-INFO-db9c0d81-开始提62
18-10-13 08:37-INFO-db9c0d81-开始提62
18-10-13 08:38-INFO-db9c0d81-开始提62
18-10-13 08:38-INFO-db9c0d81-开始提62
18-10-13 08:39-INFO--已经绑定该设备
18-10-13 08:39-INFO--可运行线程数:100
18-10-13 08:39-INFO--进入登录账号提62
18-10-13 08:39-INFO-db9c0d81设备找到1个数据
18-10-13 08:39-INFO-db9c0d81-获取到手机号码:18280006433
18-10-13 08:39-INFO-db9c0d81-获取到登录密码:9k14harf
18-10-13 08:39-INFO-db9c0d81-获取到好友ID:
18-10-13 08:39-INFO-db9c0d81-获取WXID:wxid_6tqmwhwz21rp22
18-10-13 08:39-INFO-db9c0d81-获取到云码:wbp:e49dd02965b3649f4fff563f27d2e4b8
18-10-13 08:39-INFO-db9c0d81-获取到注册IP:139.201.242.69
18-10-13 08:39-INFO-db9c0d81-获取到注册日期:2018-09-28
18-10-13 08:39-INFO-db9c0d81-正在刷新微霸授权,请稍后
18-10-13 08:40-INFO-db9c0d81-环境切换成功
18-10-13 08:40-INFO-Redirecting http://127.0.0.1:4732/wd/hub/session -> http://127.0.0.1:4732/wd/hub/session/e8141963-a6d1-46ce-8e98-b6c686523d67
18-10-13 08:40-INFO-db9c0d81-输入密码
18-10-13 08:40-INFO-db9c0d81-点击登录
18-10-13 08:41-INFO-db9c0d81-开始提62
18-10-13 08:41-INFO-db9c0d81-开始提62
18-10-13 08:42-INFO-db9c0d81-开始提62
18-10-13 08:42-INFO-db9c0d81-开始提62
18-10-13 08:43-INFO-db9c0d81-开始提62
18-10-13 08:44-INFO-db9c0d81-开始提62
18-10-13 08:44-INFO-db9c0d81-开始提62
18-10-13 08:45-INFO-db9c0d81-开始提62
18-10-13 08:46-INFO-db9c0d81-开始提62
18-10-13 08:46-INFO-db9c0d81-开始提62
18-10-13 08:47-INFO--已经绑定该设备
18-10-13 08:47-INFO--可运行线程数:100
18-10-13 08:47-INFO--进入登录账号提62
18-10-13 08:47-INFO-db9c0d81设备找到1个数据
18-10-13 08:47-INFO-db9c0d81-获取到手机号码:18280006433
18-10-13 08:47-INFO-db9c0d81-获取到登录密码:9k14harf
18-10-13 08:47-INFO-db9c0d81-获取到好友ID:
18-10-13 08:47-INFO-db9c0d81-获取WXID:wxid_6tqmwhwz21rp22
18-10-13 08:47-INFO-db9c0d81-获取到云码:wbp:e49dd02965b3649f4fff563f27d2e4b8
18-10-13 08:47-INFO-db9c0d81-获取到注册IP:139.201.242.69
18-10-13 08:47-INFO-db9c0d81-获取到注册日期:2018-09-28
18-10-13 08:47-INFO-db9c0d81-正在刷新微霸授权,请稍后
18-10-13 08:47-INFO-db9c0d81-环境切换成功
18-10-13 08:48-INFO-Redirecting http://127.0.0.1:4732/wd/hub/session -> http://127.0.0.1:4732/wd/hub/session/7e826cfe-2f22-46d2-a030-73da71da38bd
18-10-13 08:48-INFO-db9c0d81-输入密码
18-10-13 08:48-INFO-db9c0d81-点击登录
18-10-13 08:48-INFO-db9c0d81-开始提62
18-10-13 14:14-INFO--已经绑定该设备
18-10-13 14:14-INFO--可运行线程数:100
18-10-13 14:14-INFO--进入登录账号提62
18-10-13 14:14-INFO-db9c0d81设备找到1个数据
18-10-13 14:14-INFO-db9c0d81-获取到手机号码:18280006433
18-10-13 14:14-INFO-db9c0d81-获取到登录密码:9k14harf
18-10-13 14:14-INFO-db9c0d81-获取到好友ID:
18-10-13 14:14-INFO-db9c0d81-获取WXID:wxid_6tqmwhwz21rp22
18-10-13 14:14-INFO-db9c0d81-获取到云码:wbp:e49dd02965b3649f4fff563f27d2e4b8
18-10-13 14:14-INFO-db9c0d81-获取到注册IP:139.201.242.69
18-10-13 14:14-INFO-db9c0d81-获取到注册日期:2018-09-28
18-10-13 14:14-INFO-db9c0d81-正在刷新微霸授权,请稍后
18-10-13 14:15-INFO-db9c0d81-环境切换成功
18-10-13 14:15-INFO-Could not connect to port 4732 on host localhost
18-10-13 14:15-INFO-Could not get IP address for host: localhost
18-10-13 14:15-WARNING-Retrying (Retry(total=2, connect=None, read=None, redirect=None, status=None)) after connection broken by 'NewConnectionError('<urllib3.connection.HTTPConnection object at 0x000000000433B3C8>: Failed to establish a new connection: [Errno 10061] ',)': /wd/hub/session
18-10-13 14:15-WARNING-Retrying (Retry(total=1, connect=None, read=None, redirect=None, status=None)) after connection broken by 'NewConnectionError('<urllib3.connection.HTTPConnection object at 0x000000000433BA90>: Failed to establish a new connection: [Errno 10061] ',)': /wd/hub/session
18-10-13 14:15-WARNING-Retrying (Retry(total=0, connect=None, read=None, redirect=None, status=None)) after connection broken by 'NewConnectionError('<urllib3.connection.HTTPConnection object at 0x000000000433BC18>: Failed to establish a new connection: [Errno 10061] ',)': /wd/hub/session
18-10-13 14:15-INFO--已经绑定该设备
18-10-13 14:15-INFO--可运行线程数:100
18-10-13 14:15-INFO--进入登录账号提62
18-10-13 14:15-INFO-db9c0d81设备找到1个数据
18-10-13 14:15-INFO-db9c0d81-获取到手机号码:18280006433
18-10-13 14:15-INFO-db9c0d81-获取到登录密码:9k14harf
18-10-13 14:15-INFO-db9c0d81-获取到好友ID:
18-10-13 14:15-INFO-db9c0d81-获取WXID:wxid_6tqmwhwz21rp22
18-10-13 14:15-INFO-db9c0d81-获取到云码:wbp:e49dd02965b3649f4fff563f27d2e4b8
18-10-13 14:15-INFO-db9c0d81-获取到注册IP:139.201.242.69
18-10-13 14:15-INFO-db9c0d81-获取到注册日期:2018-09-28
18-10-13 14:15-INFO-db9c0d81-正在刷新微霸授权,请稍后
18-10-13 14:16-INFO-db9c0d81-环境切换成功
18-10-13 14:16-INFO-Redirecting http://127.0.0.1:4732/wd/hub/session -> http://127.0.0.1:4732/wd/hub/session/1ad5e90f-5f3c-4c13-a408-95be23db4bd4
18-10-13 14:16-INFO-db9c0d81-输入密码
18-10-13 14:16-INFO-db9c0d81-点击登录
18-10-13 14:17-INFO-db9c0d81-开始提62
18-10-13 14:17-INFO-db9c0d81-提62成功
18-10-13 14:17-INFO-db9c0d81-成功
18-10-14 12:10-INFO-123-此账号没有提62权限
18-10-14 12:47-INFO-123-此账号没有提62权限
18-10-14 13:31-INFO-123-此账号没有提62权限
18-10-15 22:02-INFO-127.0.0.1:62001-进入二维码扫描页面
18-10-15 22:02-INFO-127.0.0.1:62001-正在上传任务
18-10-15 22:02-INFO-127.0.0.1:62001-获取到任务ID:135695
18-10-16 01:23-INFO-db9c0d81-正在刷新微霸授权,请稍后
18-10-16 01:25-INFO-db9c0d81-正在刷新微霸授权,请稍后
18-10-16 01:27-INFO-db9c0d81-正在刷新微霸授权,请稍后
18-10-16 01:29-INFO-db9c0d81-正在刷新微霸授权,请稍后
18-10-16 01:29-INFO-db9c0d81-正在刷新微霸授权,请稍后
18-10-16 01:30-INFO-db9c0d81-正在刷新微霸授权,请稍后
18-10-16 01:31-INFO-db9c0d81-正在刷新微霸授权,请稍后
18-10-16 01:31-INFO-db9c0d81-正在刷新微霸授权,请稍后
18-10-16 01:32-INFO-db9c0d81-正在刷新微霸授权,请稍后
18-10-16 01:33-INFO-db9c0d81-正在刷新微霸授权,请稍后
18-10-16 01:33-INFO-db9c0d81-正在刷新微霸授权,请稍后
18-10-16 01:34-INFO-db9c0d81-正在刷新微霸授权,请稍后
18-10-16 01:34-INFO-db9c0d81-正在刷新微霸授权,请稍后
18-10-16 01:49-INFO-db9c0d81-正在刷新微霸授权,请稍后
18-10-16 11:53-INFO-检测到0个设备
18-10-16 11:56-INFO-检测到1个设备
18-10-16 11:57-INFO-检测到1个设备
18-10-16 11:58-INFO-检测到1个设备
18-10-16 12:00-INFO-检测到1个设备
18-10-16 12:00-INFO-检测到0个设备
18-10-16 12:00-INFO-检测到0个设备
18-10-16 12:01-INFO-检测到1个设备
18-10-16 12:02-INFO-检测到0个设备
18-10-16 12:02-INFO-检测到0个设备
18-10-16 12:02-INFO-检测到1个设备
18-10-16 12:03-INFO-检测到1个设备
18-10-16 12:04-INFO-检测到0个设备
18-10-16 12:04-INFO-检测到0个设备
18-10-16 12:04-INFO-检测到1个设备
18-10-16 12:05-INFO-检测到0个设备
18-10-16 12:05-INFO-检测到1个设备
18-10-16 13:57-INFO-检测到0个设备
18-10-16 13:58-INFO-检测到0个设备
18-10-16 13:58-INFO-检测到1个设备
18-10-16 13:59-INFO-https://weixin110.qq.com/s/14c75a891cd-二维码解析地址
18-10-16 13:59-INFO-127.0.0.1:62001-正在上传任务
18-10-16 13:59-INFO-127.0.0.1:62001-获取到任务ID:137127
18-10-16 14:00-INFO-检测到1个设备
18-10-16 14:00-INFO-127.0.0.1:62001-二维码解析地址:https://weixin110.qq.com/s/14c75a891cd
18-10-16 14:00-INFO-127.0.0.1:62001-正在上传任务
18-10-16 14:00-INFO-127.0.0.1:62001-获取到任务ID:137130
18-10-16 14:27-INFO-未检测到设备
18-10-16 17:08-INFO-检测到1个设备
18-10-16 17:09-INFO-127.0.0.1:62001-二维码解析地址:https://weixin110.qq.com/s/9c523f5ebf9
18-10-16 17:09-INFO-127.0.0.1:62001-正在上传任务
18-10-16 17:09-INFO-127.0.0.1:62001-获取到任务ID:137890
18-10-18 21:24-INFO--已经绑定该设备
18-10-18 21:24-INFO--第一次运行
18-10-18 21:24-INFO--可运行线程数:100
18-10-18 21:25-INFO--进入账号注册+发朋友圈模式
18-10-18 21:25-INFO-53476787-账号或密码错误
18-10-18 21:26-INFO--已经绑定该设备
18-10-18 21:26-INFO--可运行线程数:100
18-10-18 21:26-INFO--进入账号注册+发朋友圈模式
18-10-18 21:26-INFO-53476787-账号或密码错误
18-10-18 21:27-INFO-945f3978-暂时无可用号码,可尝试释放号码！101
18-10-18 21:30-INFO--已经绑定该设备
18-10-18 21:30-INFO--可运行线程数:100
18-10-18 21:30-INFO--进入账号注册+发朋友圈模式
18-10-18 21:30-INFO-53476787-暂时无可用号码,可尝试释放号码！101
18-10-18 21:30-INFO-53476787-暂时无可用号码,可尝试释放号码！101
18-10-18 21:31-INFO--已经绑定该设备
18-10-18 21:31-INFO--可运行线程数:100
18-10-18 21:31-INFO--进入账号注册+发朋友圈模式
18-10-18 21:31-INFO-53476787-获取到手机号码:18482935729
18-10-18 21:31-INFO-53476787-正在刷新微霸授权,请稍后
18-10-18 21:31-INFO-53476787-检测微霸未开启,程序自动开启微霸
18-10-18 21:31-INFO-53476787-正在刷新微霸授权,请稍后
18-10-18 21:31-INFO-53476787-检测微霸未开启,程序自动开启微霸
18-10-18 21:31-INFO-53476787-正在刷新微霸授权,请稍后
18-10-18 21:31-INFO-53476787-检测微霸未开启,程序自动开启微霸
18-10-18 21:32-INFO-53476787-正在刷新微霸授权,请稍后
18-10-18 21:32-INFO-53476787-检测微霸未开启,程序自动开启微霸
18-10-18 21:32-INFO-53476787-正在刷新微霸授权,请稍后
18-10-18 21:32-INFO-53476787-检测微霸未开启,程序自动开启微霸
18-10-18 21:32-INFO-53476787-正在刷新微霸授权,请稍后
18-10-18 21:32-INFO-53476787-检测微霸未开启,程序自动开启微霸
18-10-18 21:33-INFO--已经绑定该设备
18-10-18 21:33-INFO--可运行线程数:100
18-10-18 21:33-INFO--注册发圈提62
18-10-18 21:33-INFO-53476787-获取到手机号码:15700410057
18-10-18 21:34-INFO-53476787-账号注册失败
18-10-18 21:34-INFO-53476787-获取到手机号码:15700409114
18-10-18 21:35-INFO--已经绑定该设备
18-10-18 21:35-INFO--可运行线程数:100
18-10-18 21:36-INFO--注册发圈提62
18-10-18 21:36-INFO-53476787-获取到手机号码:15700409423
18-10-18 21:36-INFO-53476787-点击注册
18-10-18 21:36-INFO-53476787-输入昵称
18-10-18 21:36-INFO-53476787-清空手机号码
18-10-18 21:36-INFO-53476787-输入手机号码:15700409423
18-10-18 21:36-INFO-53476787-输入密码:vdd9ej87
18-10-18 21:36-INFO-53476787-点击注册
18-10-18 21:37-INFO-53476787-同意协议
18-10-18 21:37-INFO-53476787-账号注册失败
18-10-18 21:37-INFO-53476787-获取到手机号码:15283139840
18-10-18 21:39-INFO--已经绑定该设备
18-10-18 21:39-INFO--可运行线程数:100
18-10-18 21:39-INFO--注册发圈提62
18-10-18 21:39-INFO-53476787-获取到手机号码:15283672467
18-10-18 21:40-INFO-53476787-点击注册
18-10-18 21:40-INFO-53476787-输入昵称
18-10-18 21:40-INFO-53476787-清空手机号码
18-10-18 21:40-INFO-53476787-输入手机号码:15283672467
18-10-18 21:40-INFO-53476787-输入密码:w6x9iw8t
18-10-18 21:40-INFO-53476787-点击注册
18-10-18 21:40-INFO-53476787-同意协议
18-10-18 21:40-INFO-53476787-账号注册失败
18-10-18 21:40-INFO-53476787-获取到手机号码:15283132344
18-10-18 21:42-INFO--已经绑定该设备
18-10-18 21:42-INFO--可运行线程数:100
18-10-18 21:43-INFO--注册发圈提62
18-10-18 21:43-INFO-53476787-获取到手机号码:15700409134
18-10-18 21:43-INFO-53476787-点击注册
18-10-18 21:43-INFO-53476787-输入昵称
18-10-18 21:44-INFO-53476787-清空手机号码
18-10-18 21:44-INFO-53476787-输入手机号码:15700409134
18-10-18 21:44-INFO-53476787-输入密码:zk9tgvo0
18-10-18 21:44-INFO-53476787-点击注册
18-10-18 21:44-INFO-53476787-同意协议
18-10-18 21:44-INFO-53476787-账号注册失败
18-10-18 21:44-INFO-53476787-获取到手机号码:15283117954
18-10-21 22:00-INFO--第一次运行
18-10-21 22:00-INFO--可运行线程数:100
18-10-21 22:00-INFO--进入账号注册+发朋友圈模式
18-10-21 22:00-INFO-db9c0d81-获取不到手机号码
18-10-21 22:00-INFO-db9c0d81-获取不到手机号码
18-10-21 22:00-INFO-db9c0d81-获取不到手机号码
18-10-21 22:01-INFO-db9c0d81-获取不到手机号码
18-10-21 22:01-INFO-db9c0d81-获取不到手机号码
18-10-21 22:02-INFO--第一次运行
18-10-21 22:02-INFO--可运行线程数:100
18-10-21 22:02-INFO--进入账号注册+发朋友圈模式
18-10-21 22:02-INFO-db9c0d81-获取不到手机号码
18-10-21 22:02-INFO-db9c0d81-获取不到手机号码
18-10-21 22:03-INFO-db9c0d81-获取不到手机号码
18-10-21 22:03-INFO-db9c0d81-获取不到手机号码
18-10-21 22:03-INFO-db9c0d81-获取不到手机号码
18-10-21 22:03-INFO-db9c0d81-获取不到手机号码
18-10-21 22:03-INFO-db9c0d81-获取不到手机号码
18-10-21 22:05-INFO-945f3978-获取不到手机号码
18-10-21 22:06-INFO-945f3978-获取不到手机号码
18-10-21 22:06-INFO-945f3978-获取不到手机号码
18-10-21 22:09-INFO--已经绑定该设备
18-10-21 22:09-INFO--可运行线程数:100
18-10-21 22:09-INFO--进入账号注册+发朋友圈模式
18-10-21 22:09-INFO-db9c0d81-正在刷新微霸授权,请稍后
18-10-21 22:09-INFO-db9c0d81-一键新机成功
18-10-21 22:09-INFO-db9c0d81-准备打开WX
18-10-21 22:09-INFO-Redirecting http://127.0.0.1:4732/wd/hub/session -> http://127.0.0.1:4732/wd/hub/session/18d564e3-c7ac-4c0e-ad54-a7a808ff4fc3
18-10-21 22:10-INFO-db9c0d81-账号注册失败
18-10-21 22:10-INFO-db9c0d81-正在刷新微霸授权,请稍后
18-10-21 22:10-INFO-db9c0d81-一键新机成功
18-10-21 22:10-INFO-db9c0d81-准备打开WX
18-10-21 22:10-INFO-Redirecting http://127.0.0.1:4732/wd/hub/session -> http://127.0.0.1:4732/wd/hub/session/94d777e1-74ad-40bd-89d0-a6c4a0a8dc4b
18-10-21 22:10-INFO-db9c0d81-账号注册失败
18-10-21 22:10-INFO-db9c0d81-正在刷新微霸授权,请稍后
18-10-21 22:12-INFO--已经绑定该设备
18-10-21 22:12-INFO--可运行线程数:100
18-10-21 22:13-INFO--进入账号注册+发朋友圈模式
18-10-21 22:13-INFO-db9c0d81-正在刷新微霸授权,请稍后
18-10-21 22:13-INFO-db9c0d81-一键新机成功
18-10-21 22:13-INFO-db9c0d81-准备打开WX
18-10-21 22:13-INFO-Redirecting http://127.0.0.1:4732/wd/hub/session -> http://127.0.0.1:4732/wd/hub/session/0a404a64-c22b-4fe2-b522-d64e2d5d1869
18-10-21 22:13-INFO-db9c0d81-账号注册失败
18-10-21 22:13-INFO-db9c0d81-正在刷新微霸授权,请稍后
18-10-21 22:27-INFO--已经绑定该设备
18-10-21 22:27-INFO--可运行线程数:100
18-10-21 22:27-INFO--进入账号注册+发朋友圈模式
18-10-21 22:27-INFO-db9c0d81-正在刷新微霸授权,请稍后
18-10-21 22:27-INFO-db9c0d81-一键新机成功
18-10-21 22:27-INFO-db9c0d81-准备打开WX
18-10-21 22:28-INFO-Redirecting http://127.0.0.1:4732/wd/hub/session -> http://127.0.0.1:4732/wd/hub/session/ec2b02f7-1e3a-4407-9b95-4366ac5964c2
18-10-21 22:28-INFO-db9c0d81-点击注册
18-10-21 22:28-INFO-db9c0d81-输入昵称
18-10-21 22:28-INFO-db9c0d81-清空手机号码
18-10-21 22:28-INFO-db9c0d81-输入手机号码:13061759881
18-10-21 22:28-INFO-db9c0d81-输入密码:8pv6i9em
18-10-21 22:28-INFO-db9c0d81-点击注册
18-10-21 22:28-INFO-db9c0d81-同意协议
18-10-21 22:28-INFO-db9c0d81-进入滑图页面
18-10-21 22:29-INFO-db9c0d81-账号注册失败
18-10-21 22:29-INFO-db9c0d81-发现异常,重新注册
18-10-21 22:29-INFO-db9c0d81-发现异常,重新注册
18-10-21 22:29-INFO-db9c0d81-发现异常,重新注册
18-10-21 22:29-INFO-db9c0d81-发现异常,重新注册
18-10-21 22:29-INFO-db9c0d81-发现异常,重新注册
18-10-21 22:29-INFO-db9c0d81-发现异常,重新注册
18-10-21 22:29-INFO-db9c0d81-发现异常,重新注册
18-10-21 22:29-INFO-db9c0d81-发现异常,重新注册
18-10-21 22:29-INFO-db9c0d81-发现异常,重新注册
18-10-21 22:29-INFO-db9c0d81-发现异常,重新注册
18-10-21 22:29-INFO-db9c0d81-发现异常,重新注册
18-10-21 22:30-INFO-db9c0d81-发现异常,重新注册
18-10-21 22:30-INFO-db9c0d81-发现异常,重新注册
18-10-21 22:30-INFO-db9c0d81-发现异常,重新注册
18-10-21 22:30-INFO-db9c0d81-发现异常,重新注册
18-10-21 22:30-INFO-db9c0d81-发现异常,重新注册
18-10-21 22:30-INFO-db9c0d81-发现异常,重新注册
18-10-21 22:30-INFO-db9c0d81-发现异常,重新注册
18-10-21 22:30-INFO-db9c0d81-发现异常,重新注册
18-10-21 22:30-INFO-db9c0d81-发现异常,重新注册
18-10-21 22:30-INFO-db9c0d81-发现异常,重新注册
18-10-21 22:30-INFO-db9c0d81-发现异常,重新注册
18-10-21 22:30-INFO-db9c0d81-发现异常,重新注册
18-10-21 23:08-INFO--已经绑定该设备
18-10-21 23:08-INFO--可运行线程数:100
18-10-21 23:08-INFO--进入账号注册+发朋友圈模式
18-10-21 23:08-INFO-db9c0d81-正在刷新微霸授权,请稍后
18-10-21 23:08-INFO-db9c0d81-一键新机成功
18-10-21 23:08-INFO-db9c0d81-准备打开WX
18-10-21 23:08-INFO-Redirecting http://127.0.0.1:4732/wd/hub/session -> http://127.0.0.1:4732/wd/hub/session/8ac25a39-8755-4b8d-babc-b98fb8da8b08
18-10-21 23:09-INFO-db9c0d81-点击注册
18-10-21 23:09-INFO-db9c0d81-输入昵称
18-10-21 23:09-INFO-db9c0d81-清空手机号码
18-10-21 23:09-INFO-db9c0d81-输入手机号码:13061759881
18-10-21 23:09-INFO-db9c0d81-输入密码:gki9e3qn
18-10-21 23:09-INFO-db9c0d81-点击注册
18-10-21 23:09-INFO-db9c0d81-同意协议
18-10-21 23:09-INFO-db9c0d81-进入滑图页面
18-10-21 23:09-INFO-db9c0d81-未跳码成功,重新注册!
18-10-21 23:09-INFO-db9c0d81-账号注册失败
18-10-21 23:10-INFO-db9c0d81-正在刷新微霸授权,请稍后
18-10-21 23:10-INFO-db9c0d81-一键新机成功
18-10-21 23:10-INFO-db9c0d81-准备打开WX
18-10-21 23:10-INFO-Redirecting http://127.0.0.1:4732/wd/hub/session -> http://127.0.0.1:4732/wd/hub/session/04aa23d5-0aee-4710-a34b-8e4cd7dbca4b
18-10-21 23:10-INFO-db9c0d81-点击注册
18-10-21 23:10-INFO-db9c0d81-输入昵称
18-10-21 23:10-INFO-db9c0d81-清空手机号码
18-10-21 23:10-INFO-db9c0d81-输入手机号码:13061759881
18-10-21 23:10-INFO-db9c0d81-输入密码:bms9jn71
18-10-21 23:10-INFO-db9c0d81-点击注册
18-10-21 23:10-INFO-db9c0d81-同意协议
18-10-21 23:11-INFO-db9c0d81-进入滑图页面
18-10-21 23:11-INFO-db9c0d81-未跳码成功,重新注册!
18-10-21 23:11-INFO-db9c0d81-账号注册失败
18-10-21 23:11-INFO-db9c0d81-正在刷新微霸授权,请稍后
18-10-21 23:11-INFO-db9c0d81-一键新机成功
18-10-21 23:11-INFO-db9c0d81-准备打开WX
18-10-21 23:11-INFO-Redirecting http://127.0.0.1:4732/wd/hub/session -> http://127.0.0.1:4732/wd/hub/session/998de2f6-5432-4d69-8bcc-2f10a147516d
18-10-27 08:57-INFO--第一次运行
18-10-27 08:57-INFO--可运行线程数:100
18-10-27 08:57-INFO--已经绑定该设备
18-10-27 08:57-INFO--可运行线程数:100
18-10-27 08:58-INFO--进入发文字朋友圈模式
18-10-27 08:58-INFO-db9c0d81设备找到1个数据
18-10-27 08:58-INFO-db9c0d81-获取到手机号码:18280006433
18-10-27 08:58-INFO-db9c0d81-获取到登录密码:9k14harf
18-10-27 08:58-INFO-db9c0d81-获取到好友ID:
18-10-27 08:58-INFO-db9c0d81-获取WXID:wxid_6tqmwhwz21rp22
18-10-27 08:58-INFO-db9c0d81-获取到云码:wbp:e49dd02965b3649f4fff563f27d2e4b8
18-10-27 08:58-INFO-db9c0d81-获取到注册IP:139.201.242.69
18-10-27 08:58-INFO-db9c0d81-获取到注册日期:2018-09-28
18-10-27 08:58-INFO-db9c0d81-正在刷新微霸授权,请稍后
18-10-27 08:58-INFO-db9c0d81-网络故障或设备无此操作权限授权
18-10-27 08:58-INFO-db9c0d81-正在刷新微霸授权,请稍后
18-10-27 08:58-INFO-db9c0d81-网络故障或设备无此操作权限授权
18-10-27 08:58-INFO-db9c0d81-正在刷新微霸授权,请稍后
18-10-27 08:58-INFO-db9c0d81-网络故障或设备无此操作权限授权
18-10-27 08:58-INFO-db9c0d81-正在刷新微霸授权,请稍后
18-10-27 08:58-INFO-db9c0d81-网络故障或设备无此操作权限授权
18-10-27 08:59-INFO--已经绑定该设备
18-10-27 08:59-INFO--可运行线程数:100
18-10-27 08:59-INFO--进入发文字朋友圈模式
18-10-27 08:59-INFO-db9c0d81设备找到1个数据
18-10-27 08:59-INFO-db9c0d81-获取到手机号码:18280006433
18-10-27 08:59-INFO-db9c0d81-获取到登录密码:9k14harf
18-10-27 08:59-INFO-db9c0d81-获取到好友ID:
18-10-27 08:59-INFO-db9c0d81-获取WXID:wxid_6tqmwhwz21rp22
18-10-27 08:59-INFO-db9c0d81-获取到云码:wbp:e49dd02965b3649f4fff563f27d2e4b8
18-10-27 08:59-INFO-db9c0d81-获取到注册IP:139.201.242.69
18-10-27 08:59-INFO-db9c0d81-获取到注册日期:2018-09-28
18-10-27 08:59-INFO-db9c0d81-正在刷新微霸授权,请稍后
18-10-27 08:59-INFO-db9c0d81-网络故障或设备无此操作权限授权
18-10-27 08:59-INFO-db9c0d81-正在刷新微霸授权,请稍后
18-10-27 08:59-INFO-db9c0d81-网络故障或设备无此操作权限授权
18-10-27 09:00-INFO--已经绑定该设备
18-10-27 09:00-INFO--可运行线程数:100
18-10-27 09:00-INFO--进入发文字朋友圈模式
18-10-27 09:00-INFO-db9c0d81设备找到1个数据
18-10-27 09:00-INFO-db9c0d81-获取到手机号码:18280006433
18-10-27 09:00-INFO-db9c0d81-获取到登录密码:9k14harf
18-10-27 09:00-INFO-db9c0d81-获取到好友ID:
18-10-27 09:00-INFO-db9c0d81-获取WXID:wxid_6tqmwhwz21rp22
18-10-27 09:00-INFO-db9c0d81-获取到云码:wbp:e49dd02965b3649f4fff563f27d2e4b8
18-10-27 09:00-INFO-db9c0d81-获取到注册IP:139.201.242.69
18-10-27 09:00-INFO-db9c0d81-获取到注册日期:2018-09-28
18-10-27 09:00-INFO-db9c0d81-正在刷新微霸授权,请稍后
18-10-27 09:00-INFO-db9c0d81-网络故障或设备无此操作权限授权
18-10-27 09:00-INFO-db9c0d81-正在刷新微霸授权,请稍后
18-10-27 09:00-INFO-db9c0d81-网络故障或设备无此操作权限授权
18-10-27 09:02-INFO--已经绑定该设备
18-10-27 09:02-INFO--可运行线程数:100
18-10-27 09:03-INFO--进入发文字朋友圈模式
18-10-27 09:03-INFO-db9c0d81设备找到1个数据
18-10-27 09:03-INFO-db9c0d81-获取到手机号码:18280006433
18-10-27 09:03-INFO-db9c0d81-获取到登录密码:9k14harf
18-10-27 09:03-INFO-db9c0d81-获取到好友ID:
18-10-27 09:03-INFO-db9c0d81-获取WXID:wxid_6tqmwhwz21rp22
18-10-27 09:03-INFO-db9c0d81-获取到云码:wbp:e49dd02965b3649f4fff563f27d2e4b8
18-10-27 09:03-INFO-db9c0d81-获取到注册IP:139.201.242.69
18-10-27 09:03-INFO-db9c0d81-获取到注册日期:2018-09-28
18-10-27 09:03-INFO-db9c0d81-正在刷新微霸授权,请稍后
18-10-27 09:03-INFO-db9c0d81-网络故障或设备无此操作权限授权
18-10-27 09:03-INFO-db9c0d81-正在刷新微霸授权,请稍后
18-10-27 09:03-INFO-db9c0d81-检测微霸未开启,程序自动开启微霸
18-10-27 09:03-INFO-db9c0d81-微霸授权刷新失败,重新刷新授权
18-10-27 09:03-INFO--已经绑定该设备
18-10-27 09:03-INFO--可运行线程数:100
18-10-27 09:04-INFO--进入发文字朋友圈模式
18-10-27 09:04-INFO-db9c0d81设备找到1个数据
18-10-27 09:04-INFO-db9c0d81-获取到手机号码:18280006433
18-10-27 09:04-INFO-db9c0d81-获取到登录密码:9k14harf
18-10-27 09:04-INFO-db9c0d81-获取到好友ID:
18-10-27 09:04-INFO-db9c0d81-获取WXID:wxid_6tqmwhwz21rp22
18-10-27 09:04-INFO-db9c0d81-获取到云码:wbp:e49dd02965b3649f4fff563f27d2e4b8
18-10-27 09:04-INFO-db9c0d81-获取到注册IP:139.201.242.69
18-10-27 09:04-INFO-db9c0d81-获取到注册日期:2018-09-28
18-10-27 09:04-INFO-db9c0d81-正在刷新微霸授权,请稍后
18-10-27 09:04-INFO-db9c0d81-网络故障或设备无此操作权限授权
18-10-27 09:04-INFO-db9c0d81-正在刷新微霸授权,请稍后
18-10-27 09:04-INFO-db9c0d81-环境切换失败
18-10-27 09:48-INFO--已经绑定该设备
18-10-27 09:48-INFO--可运行线程数:100
18-10-27 09:48-INFO--进入发文字朋友圈模式
18-10-27 09:48-INFO-db9c0d81设备找到1个数据
18-10-27 09:48-INFO-db9c0d81-获取到手机号码:18280006433
18-10-27 09:48-INFO-db9c0d81-获取到登录密码:9k14harf
18-10-27 09:48-INFO-db9c0d81-获取到好友ID:
18-10-27 09:48-INFO-db9c0d81-获取WXID:wxid_6tqmwhwz21rp22
18-10-27 09:48-INFO-db9c0d81-获取到云码:wbp:e49dd02965b3649f4fff563f27d2e4b8
18-10-27 09:48-INFO-db9c0d81-获取到注册IP:139.201.242.69
18-10-27 09:48-INFO-db9c0d81-获取到注册日期:2018-09-28
18-10-27 09:48-INFO-db9c0d81-正在刷新微霸授权,请稍后
18-10-27 09:48-INFO-db9c0d81-环境切换成功
18-10-27 09:48-INFO-Could not connect to port 4732 on host localhost
18-10-27 09:48-INFO-Could not get IP address for host: localhost
18-10-27 09:48-WARNING-Retrying (Retry(total=2, connect=None, read=None, redirect=None, status=None)) after connection broken by 'NewConnectionError('<urllib3.connection.HTTPConnection object at 0x0000000004930390>: Failed to establish a new connection: [Errno 10061] ',)': /wd/hub/session
18-10-27 09:48-WARNING-Retrying (Retry(total=1, connect=None, read=None, redirect=None, status=None)) after connection broken by 'NewConnectionError('<urllib3.connection.HTTPConnection object at 0x0000000004930940>: Failed to establish a new connection: [Errno 10061] ',)': /wd/hub/session
18-10-27 09:48-WARNING-Retrying (Retry(total=0, connect=None, read=None, redirect=None, status=None)) after connection broken by 'NewConnectionError('<urllib3.connection.HTTPConnection object at 0x0000000004930AC8>: Failed to establish a new connection: [Errno 10061] ',)': /wd/hub/session
18-10-27 09:49-INFO--已经绑定该设备
18-10-27 09:49-INFO--可运行线程数:100
18-10-27 09:49-INFO--进入发文字朋友圈模式
18-10-27 09:49-INFO-db9c0d81设备找到1个数据
18-10-27 09:49-INFO-db9c0d81-获取到手机号码:18280006433
18-10-27 09:49-INFO-db9c0d81-获取到登录密码:9k14harf
18-10-27 09:49-INFO-db9c0d81-获取到好友ID:
18-10-27 09:49-INFO-db9c0d81-获取WXID:wxid_6tqmwhwz21rp22
18-10-27 09:49-INFO-db9c0d81-获取到云码:wbp:e49dd02965b3649f4fff563f27d2e4b8
18-10-27 09:49-INFO-db9c0d81-获取到注册IP:139.201.242.69
18-10-27 09:49-INFO-db9c0d81-获取到注册日期:2018-09-28
18-10-27 09:49-INFO-db9c0d81-正在刷新微霸授权,请稍后
18-10-27 09:50-INFO-db9c0d81-环境切换成功
18-10-27 09:50-INFO-Redirecting http://127.0.0.1:4732/wd/hub/session -> http://127.0.0.1:4732/wd/hub/session/3d069acb-4580-4535-a36c-bdccb32dafab
18-10-27 09:55-INFO--已经绑定该设备
18-10-27 09:55-INFO--可运行线程数:100
18-10-27 09:56-INFO--进入发文字朋友圈模式
18-10-27 09:56-INFO-db9c0d81设备找到1个数据
18-10-27 09:56-INFO-db9c0d81-获取到手机号码:18280006433
18-10-27 09:56-INFO-db9c0d81-获取到登录密码:9k14harf
18-10-27 09:56-INFO-db9c0d81-获取到好友ID:
18-10-27 09:56-INFO-db9c0d81-获取WXID:wxid_6tqmwhwz21rp22
18-10-27 09:56-INFO-db9c0d81-获取到云码:wbp:e49dd02965b3649f4fff563f27d2e4b8
18-10-27 09:56-INFO-db9c0d81-获取到注册IP:139.201.242.69
18-10-27 09:56-INFO-db9c0d81-获取到注册日期:2018-09-28
18-10-27 09:56-INFO-db9c0d81-正在刷新微霸授权,请稍后
18-10-27 09:56-INFO-db9c0d81-环境切换成功
18-10-27 09:56-INFO-Redirecting http://127.0.0.1:4732/wd/hub/session -> http://127.0.0.1:4732/wd/hub/session/ffa0fbe1-4e6b-4c9d-9ff2-d31a424992d1
18-10-27 09:57-INFO-db9c0d81-输入密码
18-10-27 09:57-INFO-db9c0d81-点击登录
18-10-27 09:57-INFO-db9c0d81-点击发现
18-10-27 09:57-INFO-db9c0d81-点击朋友圈
18-10-27 09:57-INFO-db9c0d81-长按相机
18-10-27 09:58-INFO-db9c0d81-进入到发文字朋友圈页面
18-10-27 09:58-INFO-db9c0d81-输入文字
18-10-27 09:58-INFO-db9c0d81-点击发表
18-10-27 09:58-INFO--已经绑定该设备
18-10-27 09:58-INFO--可运行线程数:100
18-10-27 09:59-INFO--进入加好友模式
18-10-27 09:59-INFO-db9c0d81设备找到1个数据
18-10-27 09:59-INFO-db9c0d81-获取到手机号码:18280006433
18-10-27 09:59-INFO-db9c0d81-获取到登录密码:9k14harf
18-10-27 09:59-INFO-db9c0d81-获取到好友ID:xinghao_HJ
18-10-27 09:59-INFO-db9c0d81-获取WXID:wxid_6tqmwhwz21rp22
18-10-27 09:59-INFO-db9c0d81-获取到云码:wbp:e49dd02965b3649f4fff563f27d2e4b8
18-10-27 09:59-INFO-db9c0d81-获取到注册IP:139.201.242.69
18-10-27 09:59-INFO-db9c0d81-获取到注册日期:2018-09-28
18-10-27 09:59-INFO-db9c0d81-云码恢复成功
18-10-27 09:59-INFO-Redirecting http://127.0.0.1:4732/wd/hub/session -> http://127.0.0.1:4732/wd/hub/session/c87fd127-81a6-45fd-bdc4-7656de7460e6
18-10-27 09:59-INFO-db9c0d81-输入账号
18-10-27 09:59-INFO-db9c0d81-下一步
18-10-27 09:59-INFO-db9c0d81-输入密码
18-10-27 09:59-INFO-db9c0d81-登录
18-10-27 10:11-INFO--已经绑定该设备
18-10-27 10:11-INFO--可运行线程数:100
18-10-27 10:11-INFO--进入加好友模式
18-10-27 10:11-INFO-db9c0d81设备找到1个数据
18-10-27 10:11-INFO-db9c0d81-获取到手机号码:18280006433
18-10-27 10:11-INFO-db9c0d81-获取到登录密码:9k14harf
18-10-27 10:11-INFO-db9c0d81-获取到好友ID:xinghao_HJ
18-10-27 10:11-INFO-db9c0d81-获取WXID:wxid_6tqmwhwz21rp22
18-10-27 10:11-INFO-db9c0d81-获取到云码:wbp:e49dd02965b3649f4fff563f27d2e4b8
18-10-27 10:11-INFO-db9c0d81-获取到注册IP:139.201.242.69
18-10-27 10:11-INFO-db9c0d81-获取到注册日期:2018-09-28
18-10-27 10:11-INFO-db9c0d81-云码恢复成功
18-10-27 10:11-INFO-Redirecting http://127.0.0.1:4732/wd/hub/session -> http://127.0.0.1:4732/wd/hub/session/1cc19f21-0e53-444d-963f-a7af8bd8b69d
18-10-27 10:11-INFO-db9c0d81-输入账号
18-10-27 10:11-INFO-db9c0d81-下一步
18-10-27 10:11-INFO-db9c0d81-输入密码
18-10-27 10:11-INFO-db9c0d81-登录
18-10-27 10:12-INFO-db9c0d81-失败
18-10-27 10:15-INFO--已经绑定该设备
18-10-27 10:15-INFO--可运行线程数:100
18-10-27 10:16-INFO--进入加好友模式
18-10-27 10:16-INFO-db9c0d81设备找到1个数据
18-10-27 10:16-INFO-db9c0d81-获取到手机号码:18280006433
18-10-27 10:16-INFO-db9c0d81-获取到登录密码:9k14harf
18-10-27 10:16-INFO-db9c0d81-获取到好友ID:xinghao_HJ
18-10-27 10:16-INFO-db9c0d81-获取WXID:wxid_6tqmwhwz21rp22
18-10-27 10:16-INFO-db9c0d81-获取到云码:wbp:e49dd02965b3649f4fff563f27d2e4b8
18-10-27 10:16-INFO-db9c0d81-获取到注册IP:139.201.242.69
18-10-27 10:16-INFO-db9c0d81-获取到注册日期:2018-09-28
18-10-27 10:16-INFO-db9c0d81-云码恢复成功
18-10-27 10:16-INFO-Redirecting http://127.0.0.1:4732/wd/hub/session -> http://127.0.0.1:4732/wd/hub/session/190ac1f3-805f-4568-818e-ec4976e0646b
18-10-27 10:16-INFO-db9c0d81-输入账号
18-10-27 10:16-INFO-db9c0d81-下一步
18-10-27 10:16-INFO-db9c0d81-输入密码
18-10-27 10:16-INFO-db9c0d81-登录
18-10-27 10:17-INFO-db9c0d81-失败
18-10-27 10:20-INFO--已经绑定该设备
18-10-27 10:20-INFO--可运行线程数:100
18-10-27 10:21-INFO--进入发文字朋友圈模式
18-10-27 10:21-INFO-db9c0d81设备找到1个数据
18-10-27 10:21-INFO-db9c0d81-获取到手机号码:18280006433
18-10-27 10:21-INFO-db9c0d81-获取到登录密码:9k14harf
18-10-27 10:21-INFO-db9c0d81-获取到好友ID:xinghao_HJ
18-10-27 10:21-INFO-db9c0d81-获取WXID:wxid_6tqmwhwz21rp22
18-10-27 10:21-INFO-db9c0d81-获取到云码:wbp:e49dd02965b3649f4fff563f27d2e4b8
18-10-27 10:21-INFO-db9c0d81-获取到注册IP:139.201.242.69
18-10-27 10:21-INFO-db9c0d81-获取到注册日期:2018-09-28
18-10-27 10:21-INFO-db9c0d81-云码恢复成功
18-10-27 10:21-INFO-Redirecting http://127.0.0.1:4732/wd/hub/session -> http://127.0.0.1:4732/wd/hub/session/db79997b-c391-48b8-92fa-cad13e2bd7d5
18-10-27 10:21-INFO-db9c0d81-输入账号
18-10-27 10:21-INFO-db9c0d81-下一步
18-10-27 10:21-INFO-db9c0d81-输入密码
18-10-27 10:21-INFO-db9c0d81-登录
18-10-27 10:22-INFO-db9c0d81-失败
18-10-27 10:24-INFO--已经绑定该设备
18-10-27 10:24-INFO--可运行线程数:100
18-10-27 10:24-INFO--进入加好友模式
18-10-27 10:24-INFO-db9c0d81设备找到1个数据
18-10-27 10:24-INFO-db9c0d81-获取到手机号码:18280006433
18-10-27 10:24-INFO-db9c0d81-获取到登录密码:9k14harf
18-10-27 10:24-INFO-db9c0d81-获取到好友ID:xinghao_HJ
18-10-27 10:24-INFO-db9c0d81-获取WXID:wxid_6tqmwhwz21rp22
18-10-27 10:24-INFO-db9c0d81-获取到云码:wbp:e49dd02965b3649f4fff563f27d2e4b8
18-10-27 10:24-INFO-db9c0d81-获取到注册IP:139.201.242.69
18-10-27 10:24-INFO-db9c0d81-获取到注册日期:2018-09-28
18-10-27 10:24-INFO-db9c0d81-云码恢复成功
18-10-27 10:24-INFO-Redirecting http://127.0.0.1:4732/wd/hub/session -> http://127.0.0.1:4732/wd/hub/session/b339db46-7d50-490f-89fe-f8f56f5d2b0d
18-10-27 10:24-INFO-db9c0d81-输入账号
18-10-27 10:25-INFO-db9c0d81-下一步
18-10-27 10:25-INFO-db9c0d81-输入密码
18-10-27 10:25-INFO-db9c0d81-登录
18-10-27 10:26-INFO--已经绑定该设备
18-10-27 10:26-INFO--可运行线程数:100
18-10-27 10:27-INFO--进入加好友模式
18-10-27 10:27-INFO-db9c0d81设备找到1个数据
18-10-27 10:27-INFO-db9c0d81-获取到手机号码:18280006433
18-10-27 10:27-INFO-db9c0d81-获取到登录密码:9k14harf
18-10-27 10:27-INFO-db9c0d81-获取到好友ID:xinghao_HJ
18-10-27 10:27-INFO-db9c0d81-获取WXID:wxid_6tqmwhwz21rp22
18-10-27 10:27-INFO-db9c0d81-获取到云码:wbp:e49dd02965b3649f4fff563f27d2e4b8
18-10-27 10:27-INFO-db9c0d81-获取到注册IP:139.201.242.69
18-10-27 10:27-INFO-db9c0d81-获取到注册日期:2018-09-28
18-10-27 10:27-INFO-db9c0d81-云码恢复成功
18-10-27 10:27-INFO-Redirecting http://127.0.0.1:4732/wd/hub/session -> http://127.0.0.1:4732/wd/hub/session/d04b56f5-82e1-411d-9ea6-e71e26eb8f18
18-10-27 10:27-INFO-db9c0d81-输入账号
18-10-27 10:27-INFO-db9c0d81-下一步
18-10-27 10:27-INFO-db9c0d81-输入密码
18-10-27 10:27-INFO-db9c0d81-登录
18-10-27 10:28-INFO-db9c0d81-添加朋友
18-10-27 10:28-INFO-db9c0d81-正在发送信息:18280006433
18-10-27 10:28-INFO-db9c0d81-点击发送
18-10-27 10:28-INFO-db9c0d81-成功
18-10-27 10:29-INFO--已经绑定该设备
18-10-27 10:29-INFO--可运行线程数:100
18-10-27 10:29-INFO--进入发文字朋友圈模式
18-10-27 10:29-INFO-db9c0d81设备找到1个数据
18-10-27 10:29-INFO-db9c0d81-获取到手机号码:18280006433
18-10-27 10:29-INFO-db9c0d81-获取到登录密码:9k14harf
18-10-27 10:29-INFO-db9c0d81-获取到好友ID:xinghao_HJ
18-10-27 10:29-INFO-db9c0d81-获取WXID:wxid_6tqmwhwz21rp22
18-10-27 10:29-INFO-db9c0d81-获取到云码:wbp:e49dd02965b3649f4fff563f27d2e4b8
18-10-27 10:29-INFO-db9c0d81-获取到注册IP:139.201.242.69
18-10-27 10:29-INFO-db9c0d81-获取到注册日期:2018-09-28
18-10-27 10:29-INFO-db9c0d81-正在刷新微霸授权,请稍后
18-10-27 10:29-INFO-db9c0d81-环境切换成功
18-10-27 10:29-INFO-Redirecting http://127.0.0.1:4732/wd/hub/session -> http://127.0.0.1:4732/wd/hub/session/aaaed58c-bbd9-4ca7-8209-8519fc3d7cf6
18-10-27 10:30-INFO-db9c0d81-输入密码
18-10-27 10:30-INFO-db9c0d81-点击登录
18-10-27 10:30-INFO-db9c0d81-点击发现
18-10-27 10:31-INFO-db9c0d81-点击朋友圈
18-10-27 10:31-INFO-db9c0d81-长按相机
18-10-27 10:31-INFO-db9c0d81-进入到发文字朋友圈页面
18-10-27 10:31-INFO-db9c0d81-输入文字
18-10-27 10:31-INFO-db9c0d81-点击发表
18-10-27 10:31-INFO-db9c0d81-成功
18-10-27 10:36-INFO--已经绑定该设备
18-10-27 10:36-INFO--可运行线程数:100
18-10-27 10:37-INFO--进入发文字朋友圈模式
18-10-27 10:37-INFO-db9c0d81该设备在养号列表中没有数据
18-10-27 10:38-INFO--已经绑定该设备
18-10-27 10:38-INFO--可运行线程数:100
18-10-27 10:38-INFO--进入发文字朋友圈模式
18-10-27 10:38-INFO-db9c0d81设备找到1个数据
18-10-27 10:38-INFO-db9c0d81-获取到手机号码:18382478895
18-10-27 10:38-INFO-db9c0d81-获取到登录密码:ohoa7rm9
18-10-27 10:38-INFO-db9c0d81-获取到好友ID:
18-10-27 10:38-INFO-db9c0d81-获取WXID:wxid_rxcsdx8umge722
18-10-27 10:38-INFO-db9c0d81-获取到云码:wbp:c046774c6e737058d90d084eba9b4151
18-10-27 10:38-INFO-db9c0d81-获取到注册IP:112.195.200.31
18-10-27 10:38-INFO-db9c0d81-获取到注册日期:2018-10-24
18-10-27 10:38-INFO-db9c0d81-正在刷新微霸授权,请稍后
18-10-27 10:38-INFO-db9c0d81-环境切换成功
18-10-27 10:38-INFO-Redirecting http://127.0.0.1:4732/wd/hub/session -> http://127.0.0.1:4732/wd/hub/session/c59125a3-5db4-40d7-8538-a992b644fe9b
18-10-27 10:40-INFO-db9c0d81-失败
18-10-27 10:41-INFO--已经绑定该设备
18-10-27 10:41-INFO--可运行线程数:100
18-10-27 10:41-INFO--进入发文字朋友圈模式
18-10-27 10:41-INFO-db9c0d81设备找到1个数据
18-10-27 10:41-INFO-db9c0d81-获取到手机号码:18382478895
18-10-27 10:41-INFO-db9c0d81-获取到登录密码:ohoa7rm9
18-10-27 10:41-INFO-db9c0d81-获取到好友ID:
18-10-27 10:41-INFO-db9c0d81-获取WXID:wxid_rxcsdx8umge722
18-10-27 10:41-INFO-db9c0d81-获取到云码:wbp:c046774c6e737058d90d084eba9b4151
18-10-27 10:41-INFO-db9c0d81-获取到注册IP:112.195.200.31
18-10-27 10:41-INFO-db9c0d81-获取到注册日期:2018-10-24
18-10-27 10:41-INFO-db9c0d81-正在刷新微霸授权,请稍后
18-10-27 10:42-INFO-db9c0d81-环境切换成功
18-10-27 10:42-INFO-Redirecting http://127.0.0.1:4732/wd/hub/session -> http://127.0.0.1:4732/wd/hub/session/93f4c7a2-5542-4176-bd0e-40d1ef52ea31
18-10-27 10:45-INFO--已经绑定该设备
18-10-27 10:45-INFO--可运行线程数:100
18-10-27 10:45-INFO--进入发文字朋友圈模式
18-10-27 10:45-INFO-db9c0d81设备找到1个数据
18-10-27 10:45-INFO-db9c0d81-获取到手机号码:18382478895
18-10-27 10:45-INFO-db9c0d81-获取到登录密码:ohoa7rm9
18-10-27 10:45-INFO-db9c0d81-获取到好友ID:
18-10-27 10:45-INFO-db9c0d81-获取WXID:wxid_rxcsdx8umge722
18-10-27 10:45-INFO-db9c0d81-获取到云码:wbp:c046774c6e737058d90d084eba9b4151
18-10-27 10:45-INFO-db9c0d81-获取到注册IP:112.195.200.31
18-10-27 10:45-INFO-db9c0d81-获取到注册日期:2018-10-24
18-10-27 10:45-INFO-db9c0d81-正在刷新微霸授权,请稍后
18-10-27 10:45-INFO-db9c0d81-环境切换成功
18-10-27 10:45-INFO-Redirecting http://127.0.0.1:4732/wd/hub/session -> http://127.0.0.1:4732/wd/hub/session/d835d4c4-c1b7-471c-af5f-8535e46f0029
18-10-27 10:46-INFO--已经绑定该设备
18-10-27 10:46-INFO--可运行线程数:100
18-10-27 10:47-INFO--进入发文字朋友圈模式
18-10-27 10:47-INFO-db9c0d81设备找到1个数据
18-10-27 10:47-INFO-db9c0d81-获取到手机号码:18382478895
18-10-27 10:47-INFO-db9c0d81-获取到登录密码:ohoa7rm9
18-10-27 10:47-INFO-db9c0d81-获取到好友ID:
18-10-27 10:47-INFO-db9c0d81-获取WXID:wxid_rxcsdx8umge722
18-10-27 10:47-INFO-db9c0d81-获取到云码:wbp:c046774c6e737058d90d084eba9b4151
18-10-27 10:47-INFO-db9c0d81-获取到注册IP:112.195.200.31
18-10-27 10:47-INFO-db9c0d81-获取到注册日期:2018-10-24
18-10-27 10:47-INFO-db9c0d81-正在刷新微霸授权,请稍后
18-10-27 10:47-INFO-db9c0d81-环境切换成功
18-10-27 10:47-INFO-Redirecting http://127.0.0.1:4732/wd/hub/session -> http://127.0.0.1:4732/wd/hub/session/542a549e-6870-4cf4-8749-adaf0be40000
18-10-27 10:47-INFO-db9c0d81-点击发现
18-10-27 10:47-INFO-db9c0d81-点击朋友圈
18-10-27 10:48-INFO-db9c0d81-长按相机
18-10-27 10:48-INFO-db9c0d81-进入到发文字朋友圈页面
18-10-27 10:48-INFO-db9c0d81-输入文字
18-10-27 10:48-INFO-db9c0d81-点击发表
18-10-27 10:48-INFO-db9c0d81-成功
18-10-27 10:49-INFO--已经绑定该设备
18-10-27 10:50-INFO--已经绑定该设备
18-10-27 10:50-INFO--可运行线程数:100
18-10-27 10:50-INFO--进入发文字朋友圈模式
18-10-27 10:50-INFO-db9c0d81设备找到1个数据
18-10-27 10:50-INFO-db9c0d81-获取到手机号码:18382478895
18-10-27 10:50-INFO-db9c0d81-获取到登录密码:ohoa7rm9
18-10-27 10:50-INFO-db9c0d81-获取到好友ID:
18-10-27 10:50-INFO-db9c0d81-获取WXID:wxid_rxcsdx8umge722
18-10-27 10:50-INFO-db9c0d81-获取到云码:wbp:c046774c6e737058d90d084eba9b4151
18-10-27 10:50-INFO-db9c0d81-获取到注册IP:112.195.200.31
18-10-27 10:50-INFO-db9c0d81-获取到注册日期:2018-10-24
18-10-27 10:50-INFO-db9c0d81-云码恢复成功
18-10-27 10:50-INFO-Redirecting http://127.0.0.1:4732/wd/hub/session -> http://127.0.0.1:4732/wd/hub/session/889f64c1-0a16-4ba4-92aa-f7f77f5e3fbd
18-10-27 10:51-INFO-db9c0d81-输入账号
18-10-27 10:51-INFO-db9c0d81-下一步
18-10-27 10:51-INFO-db9c0d81-输入密码
18-10-27 10:51-INFO-db9c0d81-登录
18-10-27 10:51-INFO-db9c0d81-进入滑图页面
18-10-27 10:51-INFO-db9c0d81-失败
18-10-27 10:52-INFO--已经绑定该设备
18-10-27 10:52-INFO--可运行线程数:100
18-10-27 10:52-INFO--进入发文字朋友圈模式
18-10-27 10:52-INFO-db9c0d81设备找到1个数据
18-10-27 10:52-INFO-db9c0d81-获取到手机号码:18382478895
18-10-27 10:52-INFO-db9c0d81-获取到登录密码:ohoa7rm9
18-10-27 10:52-INFO-db9c0d81-获取到好友ID:
18-10-27 10:52-INFO-db9c0d81-获取WXID:wxid_rxcsdx8umge722
18-10-27 10:52-INFO-db9c0d81-获取到云码:wbp:c046774c6e737058d90d084eba9b4151
18-10-27 10:52-INFO-db9c0d81-获取到注册IP:112.195.200.31
18-10-27 10:52-INFO-db9c0d81-获取到注册日期:2018-10-24
18-10-27 10:52-INFO-db9c0d81-云码恢复成功
18-10-27 10:53-INFO-Redirecting http://127.0.0.1:4732/wd/hub/session -> http://127.0.0.1:4732/wd/hub/session/af58e33b-c7f6-4a46-92ef-617aa1a966af
18-10-27 10:53-INFO-db9c0d81-输入账号
18-10-27 10:53-INFO-db9c0d81-下一步
18-10-27 10:53-INFO-db9c0d81-输入密码
18-10-27 10:53-INFO-db9c0d81-登录
18-10-27 10:53-INFO-db9c0d81-进入滑图页面
18-10-27 10:55-INFO--已经绑定该设备
18-10-27 10:55-INFO--可运行线程数:100
18-10-27 10:56-INFO--进入发文字朋友圈模式
18-10-27 10:56-INFO-db9c0d81设备找到1个数据
18-10-27 10:56-INFO-db9c0d81-获取到手机号码:18382478895
18-10-27 10:56-INFO-db9c0d81-获取到登录密码:ohoa7rm9
18-10-27 10:56-INFO-db9c0d81-获取到好友ID:
18-10-27 10:56-INFO-db9c0d81-获取WXID:wxid_rxcsdx8umge722
18-10-27 10:56-INFO-db9c0d81-获取到云码:wbp:c046774c6e737058d90d084eba9b4151
18-10-27 10:56-INFO-db9c0d81-获取到注册IP:112.195.200.31
18-10-27 10:56-INFO-db9c0d81-获取到注册日期:2018-10-24
18-10-27 10:56-INFO-db9c0d81-云码恢复成功
18-10-27 10:56-INFO-Redirecting http://127.0.0.1:4732/wd/hub/session -> http://127.0.0.1:4732/wd/hub/session/6d4733b4-a7e5-4c2e-aaa9-2e4baea990e8
18-10-27 10:56-INFO-db9c0d81-输入账号
18-10-27 10:56-INFO-db9c0d81-下一步
18-10-27 10:56-INFO-db9c0d81-输入密码
18-10-27 10:56-INFO-db9c0d81-登录
18-10-27 10:58-INFO--已经绑定该设备
18-10-27 10:58-INFO--可运行线程数:100
18-10-27 10:58-INFO--进入发文字朋友圈模式
18-10-27 10:58-INFO-db9c0d81设备找到1个数据
18-10-27 10:58-INFO-db9c0d81-获取到手机号码:18382478895
18-10-27 10:58-INFO-db9c0d81-获取到登录密码:ohoa7rm9
18-10-27 10:58-INFO-db9c0d81-获取到好友ID:
18-10-27 10:58-INFO-db9c0d81-获取WXID:wxid_rxcsdx8umge722
18-10-27 10:58-INFO-db9c0d81-获取到云码:wbp:c046774c6e737058d90d084eba9b4151
18-10-27 10:58-INFO-db9c0d81-获取到注册IP:112.195.200.31
18-10-27 10:58-INFO-db9c0d81-获取到注册日期:2018-10-24
18-10-27 10:58-INFO-db9c0d81-云码恢复成功
18-10-27 10:58-INFO-Redirecting http://127.0.0.1:4732/wd/hub/session -> http://127.0.0.1:4732/wd/hub/session/2c2ad14c-8141-4c34-981d-1a71bc983fe2
18-10-27 10:58-INFO-db9c0d81-输入账号
18-10-27 10:58-INFO-db9c0d81-下一步
18-10-27 10:59-INFO-db9c0d81-输入密码
18-10-27 10:59-INFO-db9c0d81-登录
18-10-27 11:01-INFO--已经绑定该设备
18-10-27 11:01-INFO--可运行线程数:100
18-10-27 11:02-INFO--进入发文字朋友圈模式
18-10-27 11:02-INFO-db9c0d81设备找到1个数据
18-10-27 11:02-INFO-db9c0d81-获取到手机号码:18382478895
18-10-27 11:02-INFO-db9c0d81-获取到登录密码:ohoa7rm9
18-10-27 11:02-INFO-db9c0d81-获取到好友ID:
18-10-27 11:02-INFO-db9c0d81-获取WXID:wxid_rxcsdx8umge722
18-10-27 11:02-INFO-db9c0d81-获取到云码:wbp:c046774c6e737058d90d084eba9b4151
18-10-27 11:02-INFO-db9c0d81-获取到注册IP:112.195.200.31
18-10-27 11:02-INFO-db9c0d81-获取到注册日期:2018-10-24
18-10-27 11:02-INFO-db9c0d81-云码恢复成功
18-10-27 11:02-INFO-Redirecting http://127.0.0.1:4732/wd/hub/session -> http://127.0.0.1:4732/wd/hub/session/9583c72c-d5ca-44b6-904e-955334d5ca4c
18-10-27 11:02-INFO-db9c0d81-输入账号
18-10-27 11:02-INFO-db9c0d81-下一步
18-10-27 11:02-INFO-db9c0d81-输入密码
18-10-27 11:02-INFO-db9c0d81-登录
18-10-27 14:50-INFO--已经绑定该设备
18-10-27 14:52-INFO--已经绑定该设备
18-10-27 14:52-INFO--可运行线程数:100
18-10-27 14:52-INFO--进入发文字朋友圈模式
18-10-27 14:52-INFO-db9c0d81设备找到1个数据
18-10-27 14:52-INFO-db9c0d81-获取到手机号码:18382478895
18-10-27 14:52-INFO-db9c0d81-获取到登录密码:ohoa7rm9
18-10-27 14:52-INFO-db9c0d81-获取到好友ID:
18-10-27 14:52-INFO-db9c0d81-获取WXID:wxid_rxcsdx8umge722
18-10-27 14:52-INFO-db9c0d81-获取到云码:wbp:c046774c6e737058d90d084eba9b4151
18-10-27 14:52-INFO-db9c0d81-获取到注册IP:112.195.200.31
18-10-27 14:52-INFO-db9c0d81-获取到注册日期:2018-10-24
18-10-27 14:52-INFO-db9c0d81-正在刷新微霸授权,请稍后
18-10-27 14:53-INFO-db9c0d81-环境切换成功
18-10-27 14:53-INFO-Redirecting http://127.0.0.1:4732/wd/hub/session -> http://127.0.0.1:4732/wd/hub/session/617826ee-dd5b-433e-b807-ed530c43daf9
18-10-27 14:53-INFO-db9c0d81-点击发现
18-10-27 14:53-INFO-db9c0d81-点击朋友圈
18-10-27 14:54-INFO--已经绑定该设备
18-10-27 14:54-INFO--可运行线程数:100
18-10-27 14:54-INFO--进入加好友模式
18-10-27 14:54-INFO-db9c0d81设备找到1个数据
18-10-27 14:54-INFO-db9c0d81-获取到手机号码:18382478895
18-10-27 14:54-INFO-db9c0d81-获取到登录密码:ohoa7rm9
18-10-27 14:54-INFO-db9c0d81-获取到好友ID:xinghao_HJ
18-10-27 14:54-INFO-db9c0d81-获取WXID:wxid_rxcsdx8umge722
18-10-27 14:54-INFO-db9c0d81-获取到云码:wbp:c046774c6e737058d90d084eba9b4151
18-10-27 14:54-INFO-db9c0d81-获取到注册IP:112.195.200.31
18-10-27 14:54-INFO-db9c0d81-获取到注册日期:2018-10-24
18-10-27 14:54-INFO-db9c0d81-正在刷新微霸授权,请稍后
18-10-27 14:54-INFO-db9c0d81-环境切换成功
18-10-27 14:54-INFO-Redirecting http://127.0.0.1:4732/wd/hub/session -> http://127.0.0.1:4732/wd/hub/session/07305cc5-629d-4d95-9acc-fbe1a2acadb3
18-10-27 14:55-INFO-db9c0d81-添加朋友
18-10-27 14:55-INFO-db9c0d81-正在发送信息:18382478895
18-10-27 14:55-INFO-db9c0d81-点击发送
18-10-27 14:55-INFO-db9c0d81-成功
18-10-28 12:12-INFO--已经绑定该设备
18-11-04 21:48-INFO--已经绑定该设备
18-11-04 21:48-INFO--可运行线程数:100
18-11-04 21:48-INFO--进入加好友模式
18-11-04 21:48-INFO-db9c0d81设备找到1个数据
18-11-04 21:48-INFO-db9c0d81-获取到手机号码:18382478895
18-11-04 21:48-INFO-db9c0d81-获取到登录密码:ohoa7rm9
18-11-04 21:48-INFO-db9c0d81-获取到好友ID:xinghao_HJ
18-11-04 21:48-INFO-db9c0d81-获取WXID:wxid_rxcsdx8umge722
18-11-04 21:48-INFO-db9c0d81-获取到云码:wbp:c046774c6e737058d90d084eba9b4151
18-11-04 21:48-INFO-db9c0d81-获取到注册IP:112.195.200.31
18-11-04 21:48-INFO-db9c0d81-获取到注册日期:2018-10-24
18-11-04 21:48-INFO-db9c0d81-发现异常,重新切换队列
18-11-04 21:49-INFO--已经绑定该设备
18-11-04 21:49-INFO--可运行线程数:100
18-11-04 21:49-INFO--进入发文字朋友圈模式
18-11-04 21:49-INFO-db9c0d81设备找到1个数据
18-11-04 21:49-INFO-db9c0d81-获取到手机号码:18382478895
18-11-04 21:49-INFO-db9c0d81-获取到登录密码:ohoa7rm9
18-11-04 21:49-INFO-db9c0d81-获取到好友ID:xinghao_HJ
18-11-04 21:49-INFO-db9c0d81-获取WXID:wxid_rxcsdx8umge722
18-11-04 21:49-INFO-db9c0d81-获取到云码:wbp:c046774c6e737058d90d084eba9b4151
18-11-04 21:49-INFO-db9c0d81-获取到注册IP:112.195.200.31
18-11-04 21:49-INFO-db9c0d81-获取到注册日期:2018-10-24
18-11-04 21:49-INFO-db9c0d81-正在刷新微霸授权,请稍后
18-11-04 21:49-INFO-db9c0d81-环境切换成功
18-11-04 21:49-INFO-Could not connect to port 4732 on host localhost
18-11-04 21:49-INFO-Could not get IP address for host: localhost
18-11-04 21:49-WARNING-Retrying (Retry(total=2, connect=None, read=None, redirect=None, status=None)) after connection broken by 'NewConnectionError('<urllib3.connection.HTTPConnection object at 0x0000000004E7E128>: Failed to establish a new connection: [Errno 10061] ',)': /wd/hub/session
18-11-04 21:50-WARNING-Retrying (Retry(total=1, connect=None, read=None, redirect=None, status=None)) after connection broken by 'NewConnectionError('<urllib3.connection.HTTPConnection object at 0x0000000004E7E860>: Failed to establish a new connection: [Errno 10061] ',)': /wd/hub/session
18-11-04 21:50-WARNING-Retrying (Retry(total=0, connect=None, read=None, redirect=None, status=None)) after connection broken by 'NewConnectionError('<urllib3.connection.HTTPConnection object at 0x0000000004E7E9E8>: Failed to establish a new connection: [Errno 10061] ',)': /wd/hub/session
18-11-04 21:50-INFO--已经绑定该设备
18-11-04 21:50-INFO--可运行线程数:100
18-11-04 21:50-INFO--进入加好友模式
18-11-04 21:50-INFO-db9c0d81设备找到1个数据
18-11-04 21:51-INFO-db9c0d81-获取到手机号码:18382478895
18-11-04 21:51-INFO-db9c0d81-获取到登录密码:ohoa7rm9
18-11-04 21:51-INFO-db9c0d81-获取到好友ID:xinghao_HJ
18-11-04 21:51-INFO-db9c0d81-获取WXID:wxid_rxcsdx8umge722
18-11-04 21:51-INFO-db9c0d81-获取到云码:wbp:c046774c6e737058d90d084eba9b4151
18-11-04 21:51-INFO-db9c0d81-获取到注册IP:112.195.200.31
18-11-04 21:51-INFO-db9c0d81-获取到注册日期:2018-10-24
18-11-04 21:51-INFO-db9c0d81-正在刷新微霸授权,请稍后
18-11-04 21:51-INFO-db9c0d81-环境切换成功
18-11-04 21:51-INFO-Redirecting http://127.0.0.1:4732/wd/hub/session -> http://127.0.0.1:4732/wd/hub/session/50feee0f-62f1-4434-8734-a557194e4527
18-11-04 21:51-INFO-db9c0d81-输入密码
18-11-04 21:51-INFO-db9c0d81-点击登录
18-11-04 21:52-INFO-db9c0d81-添加朋友
18-11-04 21:53-WARNING-Retrying (Retry(total=2, connect=None, read=None, redirect=None, status=None)) after connection broken by 'NewConnectionError('<urllib3.connection.HTTPConnection object at 0x0000000004B7B898>: Failed to establish a new connection: [Errno 10061] ',)': /wd/hub/session/50feee0f-62f1-4434-8734-a557194e4527
18-11-04 21:54-INFO--已经绑定该设备
18-11-04 21:54-INFO--可运行线程数:100
18-11-04 21:54-INFO--进入加好友模式
18-11-04 21:54-INFO-db9c0d81设备找到1个数据
18-11-04 21:54-INFO-db9c0d81-获取到手机号码:18382478895
18-11-04 21:54-INFO-db9c0d81-获取到登录密码:ohoa7rm9
18-11-04 21:54-INFO-db9c0d81-获取到好友ID:xinghao_HJ
18-11-04 21:54-INFO-db9c0d81-获取WXID:wxid_rxcsdx8umge722
18-11-04 21:54-INFO-db9c0d81-获取到云码:wbp:c046774c6e737058d90d084eba9b4151
18-11-04 21:54-INFO-db9c0d81-获取到注册IP:112.195.200.31
18-11-04 21:54-INFO-db9c0d81-获取到注册日期:2018-10-24
18-11-04 21:54-INFO-db9c0d81-正在刷新微霸授权,请稍后
18-11-04 21:54-INFO-db9c0d81-环境切换成功
18-11-04 21:55-INFO-Redirecting http://127.0.0.1:4732/wd/hub/session -> http://127.0.0.1:4732/wd/hub/session/64471881-697b-4810-83f5-c952dcdb92b1
18-11-04 21:55-INFO-db9c0d81-输入密码
18-11-04 21:55-INFO-db9c0d81-点击登录
18-11-04 21:56-INFO-db9c0d81-添加朋友
18-11-04 21:56-INFO-db9c0d81-正在发送信息:18382478895
18-11-04 22:02-INFO-db9c0d81-失败
18-11-04 22:28-INFO--已经绑定该设备
18-11-04 22:28-INFO--可运行线程数:100
18-11-04 22:29-INFO--删除指定微霸数据模式
18-11-04 22:33-INFO--已经绑定该设备
18-11-04 22:33-INFO--可运行线程数:100
18-11-04 22:33-INFO--删除指定微霸数据模式
18-11-04 22:37-INFO--已经绑定该设备
18-11-04 22:37-INFO--可运行线程数:100
18-11-04 22:37-INFO--删除指定微霸数据模式
18-11-04 22:37-INFO-db9c0d81-设备数据删除完毕
18-11-05 21:56-INFO-db9c0d81-正在刷新微霸授权,请稍后
18-11-05 21:57-INFO-db9c0d81-正在刷新微霸授权,请稍后
18-11-05 21:57-INFO-db9c0d81-正在刷新微霸授权,请稍后
18-11-05 21:58-INFO-%s-正在切换飞行
18-11-05 21:58-INFO-%s-切换飞行成功
18-11-05 21:58-INFO-db9c0d81-正在刷新微霸授权,请稍后
18-11-05 21:58-INFO-db9c0d81-正在切换飞行
18-11-05 21:58-INFO-db9c0d81-切换飞行成功
18-11-05 22:47-INFO--已经绑定该设备
18-11-05 22:47-INFO--可运行线程数:100
18-11-05 22:48-INFO--进入账号注册+发朋友圈模式
18-11-05 22:48-INFO-db9c0d81-暂时无可用号码,可尝试释放号码！101
18-11-05 22:48-INFO--已经绑定该设备
18-11-05 22:48-INFO--可运行线程数:100
18-11-05 22:48-INFO--进入账号注册+发朋友圈模式
18-11-05 22:49-INFO-db9c0d81-获取不到手机号码
18-11-05 22:50-INFO--已经绑定该设备
18-11-05 22:50-INFO--可运行线程数:100
18-11-05 22:50-INFO--进入账号注册+发朋友圈模式
18-11-05 22:50-INFO-db9c0d81-正在刷新微霸授权,请稍后
18-11-05 22:50-INFO-db9c0d81-一键新机成功
18-11-05 22:50-INFO-db9c0d81-准备打开WX
18-11-05 22:51-INFO-Redirecting http://127.0.0.1:4732/wd/hub/session -> http://127.0.0.1:4732/wd/hub/session/6cffb0f6-990d-4226-8f3d-2d69e7522b29
18-11-05 22:51-INFO-db9c0d81-点击注册
18-11-05 22:51-INFO-db9c0d81-输入昵称
18-11-05 22:51-INFO-db9c0d81-清空手机号码
18-11-05 22:51-INFO-db9c0d81-输入手机号码:13061759881
18-11-05 22:51-INFO-db9c0d81-输入密码:c96a7sxa
18-11-05 22:51-INFO-db9c0d81-点击注册
18-11-05 22:51-INFO-db9c0d81-同意协议
18-11-05 22:52-INFO-db9c0d81-进入滑图页面
18-11-05 22:52-INFO-db9c0d81-未跳码成功,重新注册!
18-11-05 22:52-INFO-db9c0d81-账号注册失败
18-11-05 23:02-INFO--已经绑定该设备
18-11-05 23:02-INFO--可运行线程数:100
18-11-05 23:02-INFO--进入账号注册+发朋友圈模式
18-11-05 23:02-INFO-db9c0d81-正在刷新微霸授权,请稍后
18-11-05 23:02-INFO-db9c0d81-一键新机成功
18-11-05 23:02-INFO-db9c0d81-准备打开WX
18-11-05 23:03-INFO-Redirecting http://127.0.0.1:4732/wd/hub/session -> http://127.0.0.1:4732/wd/hub/session/15c85b73-61a6-4b87-811b-b3156e417111
18-11-05 23:03-INFO-db9c0d81-点击注册
18-11-05 23:03-INFO-db9c0d81-输入昵称
18-11-05 23:03-INFO-db9c0d81-清空手机号码
18-11-05 23:03-INFO-db9c0d81-输入手机号码:13061759881
18-11-05 23:03-INFO-db9c0d81-输入密码:tpakm0q9
18-11-05 23:03-INFO-db9c0d81-点击注册
18-11-05 23:03-INFO-db9c0d81-同意协议
18-11-05 23:03-INFO-db9c0d81-同意协议
18-11-05 23:04-INFO-db9c0d81-账号注册失败
18-11-05 23:04-INFO-db9c0d81-正在刷新微霸授权,请稍后
18-11-05 23:04-INFO-db9c0d81-一键新机成功
18-11-05 23:04-INFO-db9c0d81-准备打开WX
18-11-05 23:04-INFO-Redirecting http://127.0.0.1:4732/wd/hub/session -> http://127.0.0.1:4732/wd/hub/session/fdae962a-e527-4440-a143-0c21fe55ac65
18-11-05 23:04-INFO-db9c0d81-点击注册
18-11-05 23:04-INFO-db9c0d81-输入昵称
18-11-05 23:04-INFO-db9c0d81-清空手机号码
18-11-05 23:04-INFO-db9c0d81-输入手机号码:13061759881
18-11-05 23:04-INFO-db9c0d81-输入密码:9a2zk9nz
18-11-05 23:04-INFO-db9c0d81-点击注册
18-11-05 23:04-INFO-db9c0d81-同意协议
18-11-05 23:05-INFO-db9c0d81-同意协议
18-11-05 23:05-INFO-db9c0d81-账号注册失败
18-11-05 23:08-INFO--已经绑定该设备
18-11-05 23:08-INFO--可运行线程数:100
18-11-05 23:08-INFO--进入账号注册+发朋友圈模式
18-11-05 23:08-INFO-db9c0d81-正在刷新微霸授权,请稍后
18-11-05 23:08-INFO-db9c0d81-一键新机成功
18-11-05 23:08-INFO-db9c0d81-准备打开WX
18-11-05 23:08-INFO-Redirecting http://127.0.0.1:4732/wd/hub/session -> http://127.0.0.1:4732/wd/hub/session/634b9caf-8f03-4643-9399-16e96c1281ce
18-11-05 23:09-INFO-db9c0d81-点击注册
18-11-05 23:09-INFO-db9c0d81-输入昵称
18-11-05 23:09-INFO-db9c0d81-清空手机号码
18-11-05 23:09-INFO-db9c0d81-输入手机号码:13061759881
18-11-05 23:09-INFO-db9c0d81-输入密码:3xdo9wvh
18-11-05 23:09-INFO-db9c0d81-点击注册
18-11-05 23:09-INFO-db9c0d81-同意协议
18-11-05 23:10-INFO-db9c0d81-进入滑图页面
18-11-05 23:11-INFO-db9c0d81-未跳码成功,重新注册!
18-11-07 19:27-INFO-945f3978-获取手机号码:17314790697
